SF:lib/models/chat_message.dart
LF:0
LH:0
end_of_record
SF:lib/models/shopping_item.dart
DA:6,10
DA:17,10
DA:18,10
DA:19,10
DA:21,4
DA:22,4
DA:23,8
DA:24,4
DA:25,4
DA:26,4
DA:27,4
DA:28,16
DA:29,1
DA:31,4
DA:32,20
DA:34,4
DA:35,4
DA:36,8
DA:37,8
DA:52,4
DA:64,4
DA:65,4
DA:66,4
DA:67,3
DA:68,4
DA:69,4
DA:70,4
DA:71,4
DA:72,3
DA:73,4
DA:74,3
DA:78,4
DA:79,4
DA:80,4
DA:81,4
DA:82,4
DA:83,4
DA:84,8
DA:85,8
DA:86,4
DA:87,4
DA:88,8
DA:89,8
LF:43
LH:43
end_of_record
SF:lib/models/shopping_list.dart
LF:0
LH:0
end_of_record
SF:lib/models/pantry_item.dart
DA:6,4
DA:17,3
DA:18,4
DA:19,4
DA:21,1
DA:22,1
DA:23,2
DA:24,1
DA:25,1
DA:26,1
DA:27,1
DA:28,4
DA:29,1
DA:31,1
DA:32,6
DA:34,1
DA:35,1
DA:36,2
DA:37,2
DA:52,12
DA:53,3
DA:55,3
DA:67,3
DA:68,3
DA:69,3
DA:70,3
DA:71,2
DA:72,3
DA:73,3
DA:74,3
DA:75,3
DA:76,3
DA:77,2
DA:81,1
DA:82,1
DA:83,1
DA:84,1
DA:85,1
DA:86,1
DA:87,2
DA:88,2
DA:89,1
DA:90,1
DA:91,2
DA:92,2
LF:45
LH:45
end_of_record
SF:lib/providers/chat_provider.g.dart
DA:9,2
DA:13,0
DA:15,2
DA:17,4
DA:19,8
DA:20,4
DA:23,2
DA:25,8
DA:27,4
DA:28,8
DA:46,13
DA:49,2
DA:50,2
DA:53,0
DA:57,0
DA:62,0
DA:67,0
DA:71,0
DA:80,2
DA:81,2
DA:82,6
DA:94,2
DA:102,2
DA:106,2
DA:108,4
DA:111,0
DA:113,0
DA:115,0
DA:116,0
DA:117,0
DA:122,0
DA:127,2
DA:130,2
DA:133,2
DA:135,8
DA:138,2
DA:140,6
DA:141,6
DA:143,2
DA:158,2
DA:160,0
DA:161,0
LF:42
LH:28
end_of_record
SF:lib/providers/chat_provider.dart
DA:14,2
DA:16,6
DA:17,2
DA:20,2
DA:21,6
DA:22,6
DA:24,2
DA:30,4
DA:31,8
DA:34,4
DA:38,2
DA:40,10
DA:41,10
DA:42,2
DA:43,2
DA:45,2
DA:47,4
DA:50,1
DA:51,2
DA:52,6
DA:53,2
DA:55,1
DA:59,2
DA:60,4
DA:64,2
DA:65,12
DA:67,3
DA:68,1
DA:69,2
DA:72,2
DA:73,7
DA:76,4
DA:89,2
DA:90,6
DA:91,4
DA:92,2
LF:36
LH:36
end_of_record
SF:lib/providers/ai_service_provider.dart
LF:0
LH:0
end_of_record
SF:lib/providers/firestore_service_provider.dart
LF:0
LH:0
end_of_record
SF:lib/providers/shopping_lists_provider.dart
LF:0
LH:0
end_of_record
SF:lib/providers/shopping_lists_provider.g.dart
DA:9,8
DA:13,24
LF:2
LH:2
end_of_record
SF:lib/services/auth_service.dart
LF:0
LH:0
end_of_record
SF:lib/services/kilo_ai_service.dart
LF:0
LH:0
end_of_record
SF:lib/providers/shopping_list_provider.g.dart
DA:9,7
DA:13,0
DA:15,7
DA:17,14
DA:19,28
DA:20,14
DA:23,7
DA:25,28
DA:27,14
DA:28,28
DA:39,24
DA:42,7
DA:43,7
DA:46,0
DA:48,0
DA:53,0
DA:58,0
DA:62,0
DA:69,7
DA:70,7
DA:71,14
DA:83,7
DA:91,7
DA:95,0
DA:97,0
DA:99,0
DA:100,0
DA:101,0
DA:106,0
DA:111,7
DA:113,7
DA:116,7
DA:118,28
DA:121,7
DA:123,21
DA:124,21
DA:126,7
DA:139,7
DA:141,0
DA:142,0
DA:145,7
DA:161,24
DA:164,7
DA:165,7
DA:168,0
DA:172,0
DA:177,0
DA:182,0
DA:186,0
DA:198,7
DA:199,7
DA:200,21
DA:213,7
DA:221,7
DA:225,7
DA:229,14
DA:232,0
DA:234,0
DA:236,0
DA:237,0
DA:238,0
DA:243,0
DA:248,7
DA:254,7
DA:257,7
DA:259,28
DA:262,7
DA:264,21
DA:265,21
DA:267,7
DA:286,7
DA:288,0
DA:289,0
LF:73
LH:46
end_of_record
SF:lib/providers/shopping_list_provider.dart
LF:0
LH:0
end_of_record
SF:lib/generated/l10n/app_localizations.dart
DA:65,33
DA:69,11
DA:70,11
DA:1457,24
DA:1459,11
DA:1461,22
DA:1464,11
DA:1465,33
DA:1467,1
DA:1471,11
DA:1474,11
DA:1475,11
DA:1476,10
DA:1477,20
DA:1484,2
DA:1485,4
DA:1486,0
DA:1489,0
LF:18
LH:16
end_of_record
SF:lib/generated/l10n/app_localizations_en.dart
DA:9,4
DA:11,0
DA:14,0
DA:17,0
DA:20,0
DA:23,0
DA:26,0
DA:29,0
DA:32,0
DA:35,0
DA:38,0
DA:41,0
DA:44,0
DA:47,0
DA:50,0
DA:53,0
DA:56,0
DA:59,0
DA:61,0
DA:64,1
DA:66,1
DA:69,0
DA:72,0
DA:75,0
DA:78,0
DA:81,0
DA:83,0
DA:85,0
DA:86,0
DA:87,0
DA:89,0
DA:92,0
DA:95,0
DA:98,0
DA:101,0
DA:104,0
DA:107,0
DA:110,0
DA:113,0
DA:116,0
DA:119,0
DA:122,0
DA:125,0
DA:128,0
DA:131,0
DA:134,0
DA:137,0
DA:140,0
DA:143,0
DA:146,0
DA:149,0
DA:152,0
DA:155,0
DA:158,0
DA:160,0
DA:163,0
DA:166,0
DA:169,0
DA:171,0
DA:174,0
DA:177,0
DA:179,0
DA:182,0
DA:185,1
DA:188,0
DA:191,1
DA:194,1
DA:197,0
DA:199,0
DA:202,0
DA:205,0
DA:208,0
DA:211,0
DA:213,0
DA:216,0
DA:219,0
DA:221,0
DA:224,0
DA:227,0
DA:230,0
DA:232,0
DA:235,0
DA:238,0
DA:241,0
DA:244,0
DA:246,0
DA:249,0
DA:251,0
DA:254,0
DA:256,0
DA:259,0
DA:262,0
DA:265,0
DA:268,0
DA:271,0
DA:274,0
DA:277,0
DA:280,0
DA:283,0
DA:286,0
DA:289,0
DA:292,0
DA:295,0
DA:298,0
DA:301,0
DA:304,0
DA:307,0
DA:310,0
DA:313,0
DA:316,0
DA:319,0
DA:322,0
DA:325,0
DA:328,0
DA:331,0
DA:334,0
DA:337,0
DA:340,0
DA:343,0
DA:346,0
DA:349,0
DA:352,0
DA:355,0
DA:358,0
DA:360,0
DA:363,0
DA:366,0
DA:369,0
DA:372,0
DA:375,0
DA:377,0
DA:380,0
DA:383,0
DA:386,0
DA:389,0
DA:392,0
DA:395,0
DA:398,0
DA:401,0
DA:404,0
DA:407,0
DA:410,0
DA:413,0
DA:416,0
DA:419,0
DA:422,0
DA:425,0
DA:428,0
DA:431,0
DA:434,0
DA:437,0
DA:440,0
DA:443,0
DA:446,0
DA:449,0
DA:452,0
DA:455,0
DA:458,0
DA:461,0
DA:464,0
DA:467,0
DA:470,0
DA:473,0
DA:476,0
DA:478,0
DA:481,0
DA:484,0
DA:487,0
DA:490,0
DA:493,0
DA:495,0
DA:498,0
DA:501,0
DA:503,0
DA:506,0
DA:509,0
DA:512,0
DA:515,0
DA:518,0
DA:521,0
DA:524,0
DA:527,0
DA:529,0
DA:532,0
DA:535,0
DA:538,0
DA:541,0
DA:544,0
DA:547,0
DA:550,0
DA:553,0
DA:556,0
DA:559,0
DA:561,0
DA:564,0
DA:567,0
DA:570,0
DA:573,0
DA:576,0
DA:579,0
DA:582,0
DA:585,0
DA:588,0
DA:591,0
DA:594,0
DA:597,0
DA:600,0
DA:603,0
DA:606,0
DA:609,0
DA:612,0
DA:615,0
DA:618,0
DA:621,0
DA:624,0
DA:627,0
DA:630,0
DA:633,0
DA:636,0
DA:639,0
DA:642,0
DA:645,0
DA:648,0
DA:651,0
DA:654,0
DA:657,0
DA:660,0
DA:663,0
DA:666,0
DA:669,0
DA:672,0
DA:675,0
DA:678,0
DA:681,0
DA:684,0
DA:687,0
DA:690,0
DA:693,0
DA:696,0
DA:699,0
DA:701,0
DA:704,0
DA:707,0
DA:710,0
DA:712,0
DA:714,0
DA:715,0
DA:716,0
DA:718,0
DA:721,0
DA:724,0
DA:727,0
DA:730,0
DA:733,0
DA:736,0
DA:739,0
DA:742,0
LF:257
LH:6
end_of_record
SF:lib/generated/l10n/app_localizations_pt.dart
DA:9,20
DA:11,0
DA:14,0
DA:17,0
DA:20,0
DA:23,0
DA:26,0
DA:29,0
DA:32,0
DA:35,0
DA:38,0
DA:41,0
DA:44,0
DA:47,0
DA:50,0
DA:53,0
DA:56,0
DA:59,0
DA:61,0
DA:64,0
DA:66,0
DA:69,0
DA:72,0
DA:75,0
DA:78,0
DA:81,0
DA:83,0
DA:85,0
DA:86,0
DA:87,0
DA:89,0
DA:92,0
DA:95,0
DA:98,0
DA:101,0
DA:104,0
DA:107,0
DA:110,0
DA:113,0
DA:116,0
DA:119,0
DA:122,0
DA:125,0
DA:128,0
DA:131,0
DA:134,0
DA:137,0
DA:140,0
DA:143,0
DA:146,0
DA:149,0
DA:152,0
DA:155,0
DA:158,0
DA:160,0
DA:163,0
DA:166,0
DA:169,0
DA:171,0
DA:174,0
DA:177,0
DA:179,0
DA:182,0
DA:185,0
DA:188,0
DA:191,0
DA:194,0
DA:197,0
DA:199,0
DA:202,0
DA:205,0
DA:208,0
DA:211,0
DA:213,0
DA:216,0
DA:219,0
DA:221,0
DA:224,0
DA:227,0
DA:230,0
DA:232,0
DA:235,0
DA:238,0
DA:241,0
DA:244,0
DA:246,0
DA:249,0
DA:251,0
DA:254,0
DA:256,0
DA:259,0
DA:262,0
DA:265,0
DA:268,0
DA:271,0
DA:274,0
DA:277,0
DA:280,0
DA:283,0
DA:286,0
DA:289,0
DA:292,0
DA:295,0
DA:298,0
DA:301,0
DA:304,0
DA:307,0
DA:310,0
DA:313,0
DA:316,0
DA:319,0
DA:322,0
DA:325,0
DA:328,0
DA:331,0
DA:334,0
DA:337,0
DA:340,0
DA:343,0
DA:346,0
DA:349,0
DA:352,0
DA:355,0
DA:358,0
DA:360,0
DA:363,0
DA:366,0
DA:369,0
DA:372,0
DA:375,0
DA:377,0
DA:380,0
DA:383,0
DA:386,0
DA:389,0
DA:392,0
DA:395,0
DA:398,0
DA:401,0
DA:404,0
DA:407,0
DA:410,0
DA:413,0
DA:416,0
DA:419,0
DA:422,0
DA:425,0
DA:428,0
DA:431,0
DA:434,0
DA:437,0
DA:440,0
DA:443,0
DA:446,0
DA:449,0
DA:452,0
DA:455,0
DA:458,0
DA:461,0
DA:464,0
DA:467,0
DA:470,0
DA:473,0
DA:476,0
DA:478,0
DA:481,0
DA:484,0
DA:487,0
DA:490,0
DA:493,0
DA:495,0
DA:498,0
DA:501,0
DA:503,0
DA:506,0
DA:509,0
DA:512,0
DA:515,0
DA:518,0
DA:521,0
DA:524,0
DA:527,0
DA:529,0
DA:532,0
DA:535,0
DA:538,0
DA:541,0
DA:544,0
DA:547,0
DA:550,0
DA:553,0
DA:556,0
DA:559,0
DA:561,0
DA:564,0
DA:567,0
DA:570,0
DA:573,0
DA:576,0
DA:579,0
DA:582,0
DA:585,0
DA:588,0
DA:591,0
DA:594,0
DA:597,0
DA:600,0
DA:603,0
DA:606,0
DA:609,0
DA:612,0
DA:615,0
DA:618,0
DA:621,0
DA:624,0
DA:627,0
DA:630,0
DA:633,0
DA:636,0
DA:639,0
DA:642,0
DA:645,0
DA:648,0
DA:651,0
DA:654,0
DA:657,0
DA:660,0
DA:663,0
DA:666,0
DA:669,0
DA:672,0
DA:675,0
DA:678,0
DA:681,0
DA:684,0
DA:687,0
DA:690,0
DA:693,0
DA:696,0
DA:699,0
DA:701,0
DA:704,0
DA:707,0
DA:710,0
DA:712,0
DA:714,0
DA:715,0
DA:716,0
DA:718,0
DA:721,0
DA:724,0
DA:727,0
DA:730,0
DA:733,0
DA:736,0
DA:739,0
DA:742,0
DA:748,20
DA:750,0
DA:753,0
DA:756,0
DA:759,6
DA:762,2
DA:765,2
DA:768,4
DA:771,2
DA:774,1
DA:777,1
DA:780,2
DA:783,0
DA:786,1
DA:789,0
DA:792,2
DA:795,1
DA:798,1
DA:800,1
DA:803,0
DA:805,0
DA:808,0
DA:811,0
DA:814,0
DA:817,2
DA:820,1
DA:822,1
DA:824,1
DA:825,1
DA:826,1
DA:828,1
DA:831,1
DA:834,0
DA:837,1
DA:840,1
DA:843,1
DA:846,1
DA:849,0
DA:852,0
DA:855,0
DA:858,2
DA:861,1
DA:864,1
DA:867,1
DA:870,1
DA:873,0
DA:876,0
DA:879,0
DA:882,0
DA:885,0
DA:888,0
DA:891,0
DA:894,0
DA:897,0
DA:899,0
DA:902,1
DA:905,1
DA:908,1
DA:910,1
DA:913,0
DA:916,0
DA:918,0
DA:921,0
DA:924,1
DA:927,1
DA:930,1
DA:933,1
DA:936,1
DA:938,1
DA:941,1
DA:944,1
DA:947,1
DA:950,1
DA:952,1
DA:955,2
DA:958,1
DA:960,1
DA:963,1
DA:966,1
DA:969,1
DA:971,1
DA:974,1
DA:977,1
DA:980,1
DA:983,1
DA:985,1
DA:988,1
DA:990,1
DA:993,0
DA:995,0
DA:998,2
DA:1001,2
DA:1004,2
DA:1007,2
DA:1010,2
DA:1013,2
DA:1016,2
DA:1019,2
DA:1022,2
DA:1025,2
DA:1028,2
DA:1031,2
DA:1034,2
DA:1037,2
DA:1040,3
DA:1043,2
DA:1046,2
DA:1049,2
DA:1052,2
DA:1055,2
DA:1058,1
DA:1061,1
DA:1064,1
DA:1067,1
DA:1070,1
DA:1073,1
DA:1076,1
DA:1079,1
DA:1082,0
DA:1085,0
DA:1088,0
DA:1091,0
DA:1094,0
DA:1097,0
DA:1099,0
DA:1102,1
DA:1105,0
DA:1108,0
DA:1111,0
DA:1114,0
DA:1116,0
DA:1119,1
DA:1122,1
DA:1125,1
DA:1128,1
DA:1131,1
DA:1134,1
DA:1137,1
DA:1140,2
DA:1143,2
DA:1146,2
DA:1149,4
DA:1152,4
DA:1155,4
DA:1158,0
DA:1161,1
DA:1164,1
DA:1167,0
DA:1170,2
DA:1173,2
DA:1176,2
DA:1179,2
DA:1182,2
DA:1185,2
DA:1188,1
DA:1191,1
DA:1194,0
DA:1197,0
DA:1200,0
DA:1203,0
DA:1206,0
DA:1209,0
DA:1212,0
DA:1215,0
DA:1217,0
DA:1220,0
DA:1223,0
DA:1226,0
DA:1229,0
DA:1232,0
DA:1234,0
DA:1237,0
DA:1240,0
DA:1242,0
DA:1245,0
DA:1248,2
DA:1251,1
DA:1254,1
DA:1257,1
DA:1260,1
DA:1263,1
DA:1266,0
DA:1268,0
DA:1271,1
DA:1274,0
DA:1277,1
DA:1280,0
DA:1283,1
DA:1286,1
DA:1289,1
DA:1292,1
DA:1295,1
DA:1298,0
DA:1300,0
DA:1303,1
DA:1306,2
DA:1309,0
DA:1312,0
DA:1315,0
DA:1318,0
DA:1321,0
DA:1324,0
DA:1327,0
DA:1330,1
DA:1333,1
DA:1336,1
DA:1339,1
DA:1342,0
DA:1345,0
DA:1348,0
DA:1351,1
DA:1354,1
DA:1357,1
DA:1360,0
DA:1363,0
DA:1366,0
DA:1369,0
DA:1372,0
DA:1375,0
DA:1378,0
DA:1381,0
DA:1384,0
DA:1387,0
DA:1390,0
DA:1393,0
DA:1396,0
DA:1399,0
DA:1402,0
DA:1405,0
DA:1408,0
DA:1411,0
DA:1414,1
DA:1417,0
DA:1420,0
DA:1423,0
DA:1426,1
DA:1429,0
DA:1432,0
DA:1435,0
DA:1438,0
DA:1440,0
DA:1443,0
DA:1446,0
DA:1449,0
DA:1451,0
DA:1453,0
DA:1454,0
DA:1455,0
DA:1457,0
DA:1460,0
DA:1463,0
DA:1466,0
DA:1469,0
DA:1472,0
DA:1475,0
DA:1478,0
DA:1481,0
LF:514
LH:137
end_of_record
SF:lib/models/category.dart
DA:13,1
DA:15,1
DA:16,1
DA:17,1
DA:18,0
DA:19,1
DA:20,0
DA:21,1
DA:22,0
DA:23,1
DA:24,1
LF:11
LH:8
end_of_record
SF:lib/models/unit.dart
DA:14,0
DA:15,0
DA:16,0
DA:18,0
LF:4
LH:0
end_of_record
SF:lib/providers/auth_service_provider.dart
LF:0
LH:0
end_of_record
SF:lib/providers/credits_provider.dart
LF:0
LH:0
end_of_record
SF:lib/providers/credits_provider.g.dart
DA:9,6
DA:13,12
DA:14,6
LF:3
LH:3
end_of_record
SF:lib/providers/premium_provider.dart
DA:12,8
DA:15,24
DA:16,8
DA:20,24
DA:21,2
DA:26,1
LF:6
LH:6
end_of_record
SF:lib/providers/premium_provider.g.dart
DA:9,8
DA:13,16
DA:14,8
LF:3
LH:3
end_of_record
SF:lib/providers/current_list_provider.dart
DA:8,3
DA:10,9
DA:11,3
DA:14,2
DA:15,6
DA:16,4
DA:17,2
LF:7
LH:7
end_of_record
SF:lib/providers/current_list_provider.g.dart
DA:9,3
DA:13,6
DA:14,3
LF:3
LH:3
end_of_record
SF:lib/providers/dark_mode_provider.dart
DA:10,3
DA:13,9
DA:14,3
DA:16,3
DA:18,3
DA:23,0
DA:28,2
DA:29,6
DA:30,4
DA:31,4
LF:10
LH:9
end_of_record
SF:lib/providers/dark_mode_provider.g.dart
DA:9,3
DA:13,6
DA:14,3
LF:3
LH:3
end_of_record
SF:lib/services/firestore_service.dart
DA:22,4
LF:1
LH:1
end_of_record
SF:lib/providers/item_history_provider.dart
DA:11,4
DA:13,4
DA:14,4
DA:17,4
DA:18,4
DA:19,2
DA:21,2
DA:22,8
DA:26,4
DA:27,4
DA:28,4
DA:32,8
DA:33,12
DA:35,4
DA:37,4
DA:38,6
DA:41,0
DA:42,0
DA:43,0
DA:44,0
LF:20
LH:16
end_of_record
SF:lib/providers/item_history_provider.g.dart
DA:9,4
DA:13,8
DA:14,4
LF:3
LH:3
end_of_record
SF:lib/providers/monthly_budget_provider.dart
DA:8,2
DA:10,6
DA:11,2
DA:12,2
DA:15,2
DA:16,6
DA:17,4
DA:18,4
LF:8
LH:8
end_of_record
SF:lib/providers/monthly_budget_provider.g.dart
DA:9,2
DA:13,4
DA:14,2
LF:3
LH:3
end_of_record
SF:lib/providers/revenuecat_service_provider.dart
LF:0
LH:0
end_of_record
SF:lib/providers/price_history_provider.dart
DA:11,1
DA:13,1
DA:14,1
DA:17,1
DA:18,1
DA:19,0
DA:21,0
DA:22,0
DA:26,1
DA:27,2
DA:28,1
DA:32,2
DA:33,1
DA:35,1
DA:37,1
DA:38,0
DA:41,1
DA:42,4
LF:18
LH:14
end_of_record
SF:lib/providers/price_history_provider.g.dart
DA:9,1
DA:13,2
DA:14,1
LF:3
LH:3
end_of_record
SF:lib/services/revenuecat_service_impl.dart
LF:0
LH:0
end_of_record
SF:lib/providers/user_stats_provider.dart
DA:8,3
DA:20,2
DA:26,2
DA:27,0
DA:28,0
DA:29,0
DA:30,0
DA:34,2
DA:35,1
DA:36,1
DA:37,1
DA:38,2
DA:41,4
DA:42,4
DA:43,4
DA:44,4
DA:45,2
DA:46,2
DA:55,3
DA:57,3
DA:58,3
DA:61,3
DA:62,3
DA:63,2
DA:65,6
DA:69,2
DA:70,2
DA:71,4
DA:73,4
DA:74,0
DA:75,0
DA:76,0
DA:77,0
DA:84,6
DA:85,6
DA:86,6
DA:91,2
DA:92,4
LF:38
LH:30
end_of_record
SF:lib/providers/user_stats_provider.g.dart
DA:9,3
DA:13,6
DA:14,3
LF:3
LH:3
end_of_record
SF:lib/providers/theme_color_provider.dart
DA:11,4
DA:13,4
DA:14,4
DA:15,2
DA:18,2
DA:19,2
DA:20,4
DA:21,4
DA:22,2
LF:9
LH:9
end_of_record
SF:lib/providers/theme_color_provider.g.dart
DA:9,4
DA:13,8
DA:14,4
LF:3
LH:3
end_of_record
SF:lib/providers/share_provider.dart
DA:7,4
DA:8,1
DA:12,1
DA:17,1
DA:19,1
DA:20,2
DA:21,5
DA:23,1
DA:26,1
DA:27,3
DA:28,1
DA:29,4
DA:30,5
DA:31,1
DA:33,2
DA:36,1
DA:37,2
DA:42,1
DA:43,3
DA:44,1
DA:46,1
DA:49,1
DA:50,1
DA:51,1
DA:53,1
DA:54,3
LF:26
LH:26
end_of_record
SF:lib/providers/pantry_items_provider.dart
DA:14,4
DA:16,12
DA:17,4
DA:20,2
DA:29,8
DA:30,5
DA:32,4
DA:33,1
DA:36,6
DA:37,2
DA:47,8
DA:48,6
DA:51,2
DA:52,6
DA:53,4
DA:54,12
DA:56,4
DA:57,2
DA:60,2
DA:61,6
DA:62,4
DA:63,10
DA:65,4
DA:66,2
DA:69,1
DA:70,3
DA:71,2
DA:72,2
DA:73,2
DA:74,1
DA:75,2
DA:76,1
DA:80,1
DA:82,2
DA:83,1
DA:86,1
DA:87,3
DA:88,2
DA:89,2
DA:90,5
DA:91,1
DA:92,2
DA:93,1
DA:97,1
DA:99,2
DA:100,1
DA:103,1
DA:104,3
DA:105,2
DA:106,2
DA:107,4
DA:108,1
DA:109,2
DA:110,1
DA:114,1
DA:116,2
DA:117,1
DA:120,2
DA:121,6
DA:122,4
DA:123,4
DA:124,8
DA:125,2
DA:126,4
DA:127,2
DA:131,2
DA:133,4
DA:134,2
DA:137,2
DA:138,6
DA:139,4
DA:140,4
DA:141,4
DA:142,2
DA:143,8
DA:144,2
DA:148,2
DA:150,4
DA:151,2
DA:154,1
DA:155,3
DA:156,2
DA:157,2
DA:158,2
DA:159,1
DA:160,1
DA:161,1
DA:165,1
DA:167,2
DA:168,1
DA:171,1
DA:172,3
DA:173,1
DA:174,2
LF:94
LH:94
end_of_record
SF:lib/providers/pantry_items_provider.g.dart
DA:9,4
DA:13,8
DA:14,4
LF:3
LH:3
end_of_record
SF:lib/providers/backup_provider.dart
LF:0
LH:0
end_of_record
SF:lib/models/premium_feature.dart
DA:14,1
DA:16,1
DA:18,1
DA:20,1
DA:22,1
DA:24,1
DA:26,1
DA:28,1
DA:30,1
DA:35,0
DA:37,0
DA:38,0
DA:39,0
DA:40,0
DA:41,0
DA:42,0
DA:43,0
DA:44,0
DA:45,0
DA:46,0
DA:47,0
DA:48,0
DA:49,0
DA:50,0
DA:51,0
DA:52,0
DA:56,1
DA:58,1
DA:60,1
DA:62,1
DA:64,1
DA:66,1
DA:68,1
DA:70,1
DA:72,1
DA:79,13
DA:102,3
DA:103,3
DA:104,12
DA:105,2
LF:40
LH:23
end_of_record
SF:lib/widgets/init_error_screen.dart
DA:5,2
DA:9,1
DA:11,1
DA:14,1
DA:15,1
DA:16,1
DA:17,1
DA:18,1
DA:19,4
LF:9
LH:9
end_of_record
SF:lib/main.dart
DA:132,13
DA:134,1
DA:136,2
DA:137,2
DA:138,2
DA:139,1
DA:140,1
DA:142,1
DA:143,1
DA:148,0
DA:149,0
DA:151,1
DA:155,1
DA:161,1
DA:163,1
DA:164,1
DA:168,1
DA:169,1
DA:170,0
DA:171,0
DA:172,0
DA:173,0
DA:175,0
DA:187,12
DA:189,1
DA:190,1
DA:197,1
DA:199,1
DA:200,3
DA:204,2
DA:205,0
DA:207,0
DA:208,0
DA:211,3
DA:212,1
DA:213,4
DA:218,1
DA:220,1
DA:221,1
DA:222,1
DA:228,1
DA:229,1
DA:230,0
DA:249,13
DA:251,1
DA:253,2
DA:255,1
DA:256,1
DA:260,1
DA:262,1
DA:263,5
DA:269,13
DA:271,1
DA:273,1
DA:274,1
DA:275,1
DA:277,1
DA:279,1
DA:286,1
DA:287,1
DA:288,1
DA:290,1
DA:292,1
DA:293,4
DA:294,2
LF:65
LH:54
end_of_record
SF:lib/theme/app_theme.dart
LF:0
LH:0
end_of_record
SF:lib/theme/tokens.dart
LF:0
LH:0
end_of_record
SF:lib/providers/ad_service_provider.dart
LF:0
LH:0
end_of_record
SF:lib/providers/locale_provider.dart
DA:9,2
DA:12,6
DA:13,2
DA:14,0
DA:19,0
DA:20,0
DA:21,0
DA:22,0
LF:8
LH:3
end_of_record
SF:lib/providers/locale_provider.g.dart
DA:9,2
DA:13,4
DA:14,2
LF:3
LH:3
end_of_record
SF:lib/screens/home_screen.dart
LF:0
LH:0
end_of_record
SF:lib/screens/pantry_screen.dart
DA:17,13
DA:19,2
DA:21,2
DA:22,2
DA:23,4
DA:24,4
DA:26,2
DA:27,2
DA:28,4
DA:29,2
DA:30,6
DA:31,1
DA:33,1
DA:34,2
DA:38,2
DA:39,2
DA:40,2
DA:41,2
DA:42,1
DA:43,2
DA:44,3
DA:46,2
DA:48,2
DA:49,8
DA:50,2
DA:52,2
DA:53,2
DA:60,6
DA:62,1
DA:63,1
DA:64,2
DA:65,3
DA:67,1
DA:68,1
DA:69,1
DA:70,1
DA:74,1
DA:76,0
DA:77,3
DA:78,1
DA:80,1
DA:81,1
DA:82,3
DA:84,1
DA:85,1
DA:86,3
DA:92,2
DA:97,1
DA:98,1
DA:99,1
DA:101,1
DA:102,5
DA:104,2
DA:105,1
DA:109,2
DA:118,2
DA:119,0
DA:121,2
DA:122,2
DA:124,1
DA:127,4
DA:130,2
DA:139,1
DA:140,1
DA:141,2
DA:142,1
DA:143,1
DA:144,2
DA:145,3
DA:151,1
DA:152,2
DA:153,1
DA:155,2
DA:156,2
DA:157,1
DA:159,1
DA:160,1
DA:161,2
DA:162,2
DA:165,1
DA:167,1
DA:168,1
DA:174,1
DA:175,1
DA:176,0
DA:177,2
DA:179,1
DA:180,4
DA:181,2
DA:186,1
DA:188,1
DA:193,4
DA:194,4
DA:195,2
DA:196,1
DA:197,1
DA:198,1
DA:199,1
DA:200,1
DA:201,1
DA:202,1
DA:205,5
DA:206,1
DA:207,2
DA:208,5
DA:211,0
DA:212,0
DA:213,0
DA:214,0
DA:222,1
DA:226,1
DA:228,1
DA:229,1
DA:230,2
DA:231,3
DA:232,5
DA:236,1
DA:238,1
DA:244,1
DA:246,1
DA:247,1
DA:249,1
DA:251,1
DA:252,1
DA:253,1
DA:254,1
DA:257,1
DA:258,5
DA:259,1
DA:261,1
DA:262,4
DA:264,4
DA:268,1
DA:269,1
DA:271,1
DA:272,1
DA:273,2
DA:274,3
DA:278,2
DA:279,1
DA:280,1
DA:281,3
DA:282,2
DA:289,1
DA:291,2
DA:292,3
DA:293,5
DA:294,3
DA:295,3
DA:297,1
DA:298,1
DA:299,1
DA:300,1
DA:301,1
DA:303,2
DA:304,2
DA:305,4
DA:306,1
DA:307,1
DA:308,2
DA:309,2
DA:311,1
DA:312,2
DA:313,2
DA:318,1
DA:319,6
DA:321,1
DA:322,8
DA:323,1
DA:324,2
DA:325,10
DA:334,2
DA:335,1
DA:337,1
DA:338,1
DA:339,1
DA:340,1
DA:341,1
DA:344,2
DA:348,0
DA:349,2
DA:350,1
DA:355,1
DA:356,1
DA:357,1
DA:358,8
DA:359,3
DA:361,1
DA:365,3
DA:366,1
DA:367,3
DA:368,3
DA:376,1
DA:378,1
DA:379,1
DA:381,3
DA:383,0
DA:386,1
DA:387,3
DA:388,3
DA:390,1
DA:394,1
DA:396,5
DA:398,0
DA:401,1
DA:402,3
DA:404,7
DA:405,3
DA:406,1
DA:407,1
DA:408,3
DA:410,1
DA:427,1
DA:428,1
DA:429,4
DA:430,4
DA:432,1
DA:434,2
DA:435,4
DA:436,1
DA:438,1
DA:439,1
DA:441,1
DA:442,1
DA:448,1
DA:450,1
DA:451,1
DA:458,1
DA:459,1
DA:460,0
DA:461,2
DA:463,1
DA:464,1
DA:465,2
DA:466,2
DA:468,4
DA:469,2
DA:470,1
DA:471,1
DA:472,1
DA:475,1
DA:476,1
DA:480,2
DA:489,1
DA:494,1
DA:496,1
DA:497,1
DA:498,1
DA:499,3
DA:500,3
DA:501,1
DA:502,1
DA:503,1
DA:504,1
DA:505,1
DA:507,1
DA:508,1
DA:510,1
DA:511,2
DA:512,3
LF:260
LH:249
end_of_record
SF:lib/widgets/create_list_dialog.dart
DA:7,25
DA:11,1
DA:12,1
DA:18,1
DA:20,1
DA:21,4
DA:24,1
DA:26,2
DA:27,1
DA:30,1
DA:32,1
DA:33,2
DA:34,1
DA:35,2
DA:36,1
DA:38,1
DA:39,1
DA:40,2
DA:42,2
DA:45,1
DA:46,3
DA:47,1
DA:48,1
DA:49,2
DA:55,1
DA:56,3
DA:57,1
DA:58,2
LF:28
LH:28
end_of_record
SF:lib/widgets/empty_state.dart
LF:0
LH:0
end_of_record
SF:lib/services/ad_service_impl.dart
LF:0
LH:0
end_of_record
SF:lib/providers/update_service_provider.dart
DA:4,4
DA:5,1
LF:2
LH:2
end_of_record
SF:lib/providers/analytics_service_provider.dart
LF:0
LH:0
end_of_record
SF:lib/services/analytics_service.dart
LF:0
LH:0
end_of_record
SF:lib/providers/app_review_service_provider.dart
DA:6,0
DA:7,0
DA:8,0
DA:9,0
LF:4
LH:0
end_of_record
SF:lib/services/app_review_service.dart
DA:6,0
DA:19,0
DA:20,0
DA:23,0
DA:27,0
DA:28,0
DA:30,0
DA:33,0
DA:34,0
DA:36,0
DA:37,0
DA:38,0
LF:12
LH:0
end_of_record
SF:lib/providers/pantry_suggestions_provider.g.dart
DA:9,1
DA:13,2
DA:14,1
LF:3
LH:3
end_of_record
SF:lib/providers/pantry_suggestions_provider.dart
DA:8,1
DA:11,3
DA:13,5
DA:14,3
DA:16,1
DA:17,1
DA:18,1
DA:19,1
DA:20,1
DA:22,1
LF:10
LH:10
end_of_record
SF:lib/services/update_service.dart
LF:0
LH:0
end_of_record
SF:lib/screens/achievements_screen.dart
DA:7,13
DA:9,1
DA:11,2
DA:12,1
DA:14,1
DA:15,1
DA:16,1
DA:18,1
DA:19,1
DA:22,2
DA:27,1
DA:30,3
DA:35,1
DA:38,2
DA:43,1
DA:45,3
DA:48,1
DA:51,1
DA:52,1
DA:55,2
DA:58,1
DA:61,2
DA:64,1
DA:67,2
DA:70,1
DA:73,2
DA:83,1
DA:84,1
DA:85,1
DA:86,1
DA:88,1
DA:89,1
DA:90,1
DA:92,1
DA:93,1
DA:96,1
DA:99,1
DA:101,1
DA:102,3
DA:103,4
DA:114,1
DA:126,1
DA:128,1
DA:129,1
DA:130,1
DA:133,1
DA:134,4
DA:136,1
DA:137,3
DA:141,1
DA:142,1
DA:144,3
DA:148,1
DA:149,1
DA:150,1
DA:152,1
DA:153,1
LF:57
LH:57
end_of_record
SF:lib/screens/backup_screen.dart
DA:13,13
DA:15,1
DA:17,1
DA:18,1
DA:19,3
DA:22,1
DA:23,1
DA:24,1
DA:25,0
DA:26,0
DA:27,0
DA:30,0
DA:32,0
DA:38,1
DA:39,3
DA:40,1
DA:42,1
DA:43,1
DA:44,1
DA:45,1
DA:46,3
DA:47,2
DA:48,2
DA:49,1
DA:51,2
DA:53,0
DA:54,0
DA:56,0
DA:57,0
DA:58,0
DA:59,0
DA:62,0
DA:63,0
DA:64,0
DA:65,0
DA:73,1
DA:74,1
DA:75,3
DA:76,2
DA:77,2
DA:78,1
DA:80,2
DA:82,1
DA:83,1
DA:84,1
DA:86,2
DA:87,2
DA:88,1
DA:91,1
DA:92,1
DA:95,1
DA:96,1
DA:97,2
DA:98,2
DA:100,1
DA:101,0
DA:102,2
DA:107,0
DA:108,0
DA:110,0
DA:111,0
DA:112,0
DA:113,0
DA:116,0
DA:117,0
DA:118,0
DA:119,0
LF:67
LH:41
end_of_record
SF:lib/theme/page_transitions.dart
DA:4,2
DA:5,2
DA:6,2
DA:7,2
DA:8,2
DA:9,2
DA:12,4
DA:16,2
LF:8
LH:8
end_of_record
SF:lib/widgets/premium_gate.dart
DA:7,2
DA:18,2
DA:20,2
DA:21,2
DA:22,2
DA:23,6
DA:24,2
DA:25,2
DA:27,2
DA:29,2
DA:30,2
DA:33,6
DA:34,4
DA:39,2
DA:40,2
DA:41,4
DA:43,4
DA:46,2
DA:54,2
DA:55,2
DA:56,6
DA:57,4
DA:59,4
DA:64,2
DA:65,2
DA:67,4
DA:68,4
DA:71,2
LF:28
LH:28
end_of_record
SF:lib/screens/paywall_screen.dart
LF:0
LH:0
end_of_record
SF:lib/screens/budget_dashboard_screen.dart
DA:11,13
DA:15,1
DA:17,1
DA:18,1
DA:21,1
DA:22,1
DA:23,1
DA:28,3
DA:30,1
DA:31,1
DA:34,1
DA:35,1
DA:36,1
DA:40,1
DA:43,2
DA:44,2
DA:45,3
DA:46,7
DA:47,1
DA:51,1
DA:55,2
DA:56,5
DA:58,1
DA:60,1
DA:61,1
DA:62,1
DA:64,1
DA:65,1
DA:66,1
DA:68,2
DA:71,1
DA:72,2
DA:73,3
DA:75,2
DA:83,1
DA:85,1
DA:86,1
DA:87,2
DA:88,3
DA:89,1
DA:90,1
DA:91,2
DA:93,2
DA:100,1
DA:107,1
DA:109,3
DA:112,2
DA:113,3
DA:114,1
DA:115,1
DA:116,2
DA:117,3
DA:119,2
DA:120,1
DA:121,1
DA:122,2
DA:123,3
DA:125,1
DA:128,1
DA:129,1
DA:130,3
DA:131,3
DA:133,1
DA:134,2
DA:135,2
DA:144,1
DA:145,0
LF:67
LH:66
end_of_record
SF:lib/theme/colors.dart
LF:0
LH:0
end_of_record
SF:lib/screens/chat_screen.dart
DA:14,1
DA:19,1
DA:20,1
DA:37,1
DA:38,2
DA:39,2
DA:40,3
DA:47,1
DA:48,3
DA:49,2
DA:53,3
DA:54,2
DA:57,7
DA:58,1
DA:60,1
DA:61,3
DA:66,1
DA:68,1
DA:69,4
DA:72,1
DA:73,1
DA:74,1
DA:84,5
DA:85,1
DA:87,1
DA:88,1
DA:89,4
DA:90,1
DA:91,1
DA:93,1
DA:94,1
DA:96,2
DA:97,2
DA:98,2
DA:99,1
DA:106,1
DA:107,1
DA:108,7
DA:109,1
DA:111,2
DA:120,1
DA:121,1
DA:122,1
DA:123,1
DA:124,1
DA:125,1
DA:126,1
DA:127,1
DA:129,1
DA:130,3
DA:132,1
DA:133,2
DA:134,1
DA:135,0
DA:137,2
DA:140,1
DA:142,1
DA:143,1
DA:153,4
DA:155,1
DA:156,1
DA:158,3
DA:159,1
DA:160,2
DA:163,1
DA:164,3
DA:166,1
DA:167,3
DA:175,1
DA:179,1
DA:185,1
DA:186,2
DA:187,2
DA:188,1
DA:190,1
DA:191,7
DA:192,1
DA:194,1
DA:196,1
DA:197,1
DA:198,1
DA:201,1
DA:202,2
DA:203,1
DA:207,1
DA:210,0
DA:211,0
DA:212,0
DA:216,1
DA:219,0
DA:220,0
DA:221,0
DA:228,1
DA:230,1
DA:231,2
DA:232,1
DA:233,1
DA:234,1
DA:240,1
DA:241,1
DA:242,1
DA:243,1
DA:244,1
DA:245,1
DA:246,1
DA:247,1
DA:248,1
DA:249,1
DA:253,1
DA:256,0
DA:260,1
DA:261,2
DA:262,1
DA:264,1
DA:277,1
DA:287,1
DA:289,1
DA:290,1
DA:291,4
DA:292,4
DA:293,1
DA:294,3
DA:296,2
DA:302,1
DA:306,1
DA:308,3
DA:309,1
DA:311,1
DA:313,1
DA:316,1
DA:317,4
DA:319,1
DA:321,2
DA:322,2
DA:323,1
DA:326,1
DA:327,1
DA:330,1
DA:331,2
DA:332,1
LF:140
LH:132
end_of_record
SF:lib/widgets/shopping_item_tile.dart
LF:0
LH:0
end_of_record
SF:lib/widgets/quick_add_bar.dart
DA:17,2
DA:21,2
DA:22,2
DA:49,2
DA:51,2
DA:52,4
DA:55,2
DA:57,4
DA:58,4
DA:59,2
DA:62,0
DA:63,0
DA:64,0
DA:66,0
DA:69,0
DA:70,0
DA:71,0
DA:72,0
DA:76,0
DA:77,0
DA:78,0
DA:79,0
DA:80,0
DA:81,0
DA:82,0
DA:83,0
DA:86,0
DA:87,0
DA:91,0
DA:92,0
DA:93,0
DA:94,0
DA:95,0
DA:96,0
DA:104,0
DA:105,0
DA:109,1
DA:110,2
DA:111,2
DA:115,3
DA:116,1
DA:119,7
DA:120,2
DA:126,1
DA:127,2
DA:128,2
DA:130,1
DA:131,3
DA:136,2
DA:138,2
DA:139,2
DA:140,4
DA:142,2
DA:143,2
DA:147,8
DA:150,2
DA:152,2
DA:153,2
DA:154,2
DA:155,2
DA:160,2
DA:162,0
DA:163,6
DA:167,2
DA:169,2
DA:170,1
DA:171,2
DA:174,2
DA:175,4
DA:178,0
DA:179,2
DA:180,2
DA:181,2
DA:183,2
DA:184,2
DA:187,2
DA:188,2
DA:189,2
DA:192,8
DA:194,2
DA:196,2
DA:197,2
DA:198,0
DA:202,0
DA:204,0
DA:205,0
DA:208,0
DA:209,0
DA:210,0
DA:212,0
DA:213,0
DA:214,0
DA:217,0
DA:220,0
DA:226,2
DA:229,0
DA:231,2
DA:232,2
DA:233,6
DA:234,0
DA:235,2
DA:243,0
DA:244,2
DA:247,2
DA:248,2
DA:250,4
DA:253,2
DA:256,2
DA:257,4
DA:258,2
DA:262,2
DA:263,6
DA:265,4
DA:266,2
DA:267,6
DA:273,2
DA:274,2
DA:290,8
DA:295,2
DA:307,2
DA:309,6
DA:311,2
DA:312,0
DA:313,0
DA:314,0
DA:317,0
DA:318,0
DA:319,0
DA:322,2
DA:324,2
DA:333,12
DA:335,0
DA:336,0
DA:342,0
DA:344,0
DA:345,0
DA:348,0
DA:350,0
DA:351,0
DA:356,0
DA:357,0
DA:358,0
DA:360,0
DA:362,0
DA:367,0
DA:369,0
DA:374,0
DA:375,0
DA:376,0
DA:377,0
DA:378,0
DA:379,0
DA:380,0
DA:381,0
LF:154
LH:82
end_of_record
SF:lib/widgets/banner_ad_widget.dart
LF:0
LH:0
end_of_record
SF:lib/widgets/budget_dialog.dart
DA:9,1
DA:13,1
DA:14,1
DA:20,1
DA:22,1
DA:23,2
DA:24,4
DA:28,1
DA:30,2
DA:31,1
DA:34,1
DA:36,1
DA:37,1
DA:38,2
DA:39,1
DA:41,1
DA:42,1
DA:43,1
DA:44,1
DA:50,1
DA:51,3
DA:52,1
DA:53,1
DA:54,5
DA:55,4
DA:57,1
DA:59,1
DA:60,1
DA:61,4
DA:64,3
DA:65,1
DA:66,1
DA:67,3
DA:68,1
DA:69,5
DA:70,4
DA:72,1
DA:75,2
LF:38
LH:38
end_of_record
SF:lib/widgets/filter_bar.dart
LF:0
LH:0
end_of_record
SF:lib/widgets/rewarded_ad_button.dart
LF:0
LH:0
end_of_record
SF:lib/screens/settings_screen.dart
DA:21,13
DA:23,2
DA:25,2
DA:26,2
DA:27,4
DA:28,2
DA:29,6
DA:30,6
DA:32,2
DA:33,6
DA:34,2
DA:35,2
DA:36,2
DA:38,1
DA:40,1
DA:41,2
DA:42,3
DA:43,1
DA:45,3
DA:46,3
DA:47,0
DA:48,0
DA:49,0
DA:50,0
DA:57,1
DA:58,3
DA:59,2
DA:60,1
DA:61,3
DA:62,0
DA:63,0
DA:64,0
DA:65,0
DA:67,0
DA:72,2
DA:73,4
DA:74,2
DA:76,2
DA:77,2
DA:78,2
DA:81,4
DA:83,2
DA:86,4
DA:88,2
DA:91,4
DA:94,2
DA:95,1
DA:96,5
DA:101,2
DA:102,6
DA:103,4
DA:104,2
DA:105,2
DA:106,9
DA:107,2
DA:109,6
DA:110,1
DA:111,1
DA:113,1
DA:117,2
DA:118,4
DA:119,2
DA:121,2
DA:122,2
DA:123,2
DA:126,4
DA:128,2
DA:131,4
DA:133,2
DA:136,4
DA:139,8
DA:140,0
DA:141,0
DA:142,0
DA:143,0
DA:149,2
DA:150,4
DA:151,2
DA:152,6
DA:153,4
DA:154,4
DA:155,6
DA:156,0
DA:157,0
DA:159,0
DA:163,2
DA:164,4
DA:165,2
DA:166,6
DA:167,4
DA:168,4
DA:169,6
DA:170,0
DA:171,0
DA:173,0
DA:177,2
DA:178,4
DA:179,2
DA:180,6
DA:181,4
DA:184,2
DA:185,6
DA:186,4
DA:187,6
DA:188,0
DA:189,0
DA:190,0
DA:195,2
DA:196,6
DA:197,4
DA:198,6
DA:199,0
DA:200,0
DA:201,0
DA:213,2
DA:217,2
DA:219,2
DA:220,2
DA:222,2
DA:223,2
DA:224,6
DA:225,4
LF:122
LH:97
end_of_record
SF:lib/widgets/list_switcher_sheet.dart
LF:0
LH:0
end_of_record
SF:lib/widgets/add_item_dialog.dart
LF:0
LH:0
end_of_record
SF:lib/widgets/add_pantry_item_dialog.dart
DA:11,13
DA:13,2
DA:14,2
DA:44,2
DA:46,4
DA:47,4
DA:48,4
DA:49,4
DA:50,2
DA:53,2
DA:55,2
DA:56,2
DA:57,4
DA:59,2
DA:60,2
DA:61,2
DA:62,2
DA:64,2
DA:66,0
DA:67,6
DA:68,2
DA:70,2
DA:73,4
DA:77,4
DA:80,2
DA:81,2
DA:82,2
DA:83,2
DA:85,2
DA:86,2
DA:87,2
DA:88,4
DA:91,2
DA:92,2
DA:93,2
DA:96,0
DA:97,0
DA:99,2
DA:100,4
DA:101,8
DA:102,3
DA:106,5
DA:107,4
DA:108,0
DA:112,2
DA:115,2
DA:116,2
DA:120,0
DA:121,3
DA:126,2
DA:127,2
DA:128,2
DA:129,2
DA:130,2
DA:131,2
DA:132,2
DA:136,2
DA:140,2
DA:141,2
DA:142,2
DA:143,2
DA:144,2
DA:153,2
DA:154,2
DA:155,2
DA:156,2
DA:157,2
DA:158,2
DA:159,2
DA:162,4
DA:163,6
DA:164,2
DA:165,0
DA:169,2
DA:170,2
DA:171,2
DA:172,2
DA:173,2
DA:176,4
DA:177,6
DA:178,2
DA:179,0
DA:185,2
DA:186,2
DA:187,2
DA:188,2
DA:194,2
DA:195,4
DA:196,2
DA:197,2
DA:198,2
DA:199,1
DA:200,4
DA:202,2
DA:203,4
DA:210,2
DA:211,2
DA:212,0
DA:213,4
DA:215,2
DA:216,1
DA:217,3
DA:219,1
DA:221,5
DA:222,2
DA:223,3
DA:224,3
DA:225,1
DA:226,1
DA:227,3
DA:228,1
DA:230,1
DA:231,1
DA:233,0
DA:234,0
DA:235,0
DA:236,0
DA:242,4
LF:118
LH:106
end_of_record
SF:lib/screens/theme_selection_screen.dart
DA:11,12
DA:13,1
DA:15,2
DA:16,1
DA:17,3
DA:19,1
DA:20,1
DA:23,1
DA:30,1
DA:31,1
DA:32,1
DA:33,1
DA:34,4
DA:36,1
DA:37,0
DA:38,0
DA:39,0
DA:42,0
DA:44,1
DA:45,1
DA:46,1
DA:47,1
DA:48,1
DA:50,1
DA:52,3
DA:54,1
DA:55,1
DA:56,1
DA:62,1
DA:64,3
DA:68,1
DA:69,1
DA:72,3
LF:33
LH:29
end_of_record
SF:lib/widgets/edit_item_dialog.dart
DA:11,1
DA:16,1
DA:17,1
DA:45,1
DA:47,1
DA:48,5
DA:49,6
DA:50,2
DA:51,4
DA:53,4
DA:54,4
DA:57,1
DA:59,2
DA:60,2
DA:61,2
DA:62,1
DA:65,1
DA:67,1
DA:68,1
DA:69,2
DA:70,1
DA:71,1
DA:72,1
DA:73,1
DA:75,1
DA:76,1
DA:77,3
DA:78,1
DA:79,2
DA:82,2
DA:83,2
DA:84,2
DA:92,1
DA:107,1
DA:110,2
DA:112,3
DA:117,1
DA:118,1
DA:119,1
DA:120,1
DA:121,1
DA:122,2
DA:124,2
DA:128,1
DA:129,1
DA:130,1
DA:131,2
DA:132,2
DA:133,3
DA:134,1
DA:135,4
DA:141,1
DA:142,1
DA:143,2
DA:144,2
DA:145,3
DA:146,1
DA:147,4
DA:150,1
DA:151,1
DA:152,2
DA:159,1
DA:160,5
DA:161,1
DA:162,1
DA:163,3
DA:164,3
DA:165,2
DA:166,3
DA:167,1
DA:168,1
DA:169,3
DA:170,1
DA:172,1
DA:173,5
DA:174,1
DA:175,1
DA:176,1
DA:180,2
LF:79
LH:79
end_of_record
SF:lib/widgets/shimmer_list.dart
LF:0
LH:0
end_of_record
SF:lib/screens/auth_screen.dart
LF:0
LH:0
end_of_record
