SF:lib/providers/onboarding_provider.dart
DA:11,2
DA:13,2
DA:14,2
DA:17,1
DA:18,1
DA:19,1
DA:20,1
LF:7
LH:7
end_of_record
SF:lib/providers/onboarding_provider.g.dart
DA:9,2
DA:13,10
DA:14,5
LF:3
LH:3
end_of_record
SF:lib/models/chat_message.dart
LF:0
LH:0
end_of_record
SF:lib/services/ai_service.dart
DA:5,48
DA:15,21
LF:2
LH:2
end_of_record
SF:lib/models/category_data.dart
DA:4,30
DA:11,30
DA:13,0
DA:14,0
DA:15,0
DA:16,0
DA:17,0
DA:18,0
DA:19,0
DA:21,0
DA:32,21
DA:33,21
DA:35,0
DA:36,0
DA:37,0
DA:38,0
DA:39,0
DA:40,0
DA:41,0
DA:42,0
DA:46,0
DA:54,0
DA:55,0
DA:56,0
DA:57,0
DA:58,0
DA:59,0
DA:60,0
DA:64,60
DA:65,30
DA:69,30
DA:72,30
DA:76,30
DA:79,30
DA:83,30
DA:86,30
DA:90,30
DA:93,30
DA:97,30
DA:100,30
DA:104,30
DA:107,30
DA:111,30
DA:114,30
DA:118,30
DA:121,30
DA:125,30
DA:128,30
DA:132,30
DA:135,30
DA:139,30
DA:142,30
DA:146,30
DA:149,30
DA:153,30
DA:156,30
DA:160,30
DA:163,30
DA:167,30
DA:170,30
DA:174,30
DA:177,30
DA:181,30
DA:184,30
DA:188,30
DA:191,30
DA:195,30
DA:198,30
DA:202,30
LF:69
LH:45
end_of_record
SF:lib/models/shopping_item.dart
DA:5,20
DA:16,17
DA:17,19
DA:18,19
DA:20,6
DA:21,6
DA:23,6
DA:25,6
DA:26,6
DA:27,6
DA:28,6
DA:29,6
DA:30,6
DA:31,6
DA:32,6
DA:33,6
DA:34,6
DA:35,6
DA:36,6
DA:37,6
DA:38,6
DA:39,6
DA:40,6
DA:41,6
DA:42,6
DA:43,6
DA:44,6
DA:46,6
DA:51,6
DA:52,6
DA:53,6
DA:54,6
DA:55,12
DA:57,6
DA:58,25
DA:60,9
DA:61,6
DA:62,12
DA:63,12
DA:67,6
DA:69,2
DA:71,4
DA:74,8
DA:75,0
DA:91,6
DA:103,6
DA:104,6
DA:105,6
DA:106,4
DA:107,5
DA:108,5
DA:109,5
DA:110,5
DA:111,3
DA:112,6
DA:113,3
DA:117,5
DA:118,5
DA:119,5
DA:120,5
DA:121,5
DA:122,5
DA:123,5
DA:124,10
DA:125,5
DA:126,5
DA:127,10
DA:128,10
LF:68
LH:67
end_of_record
SF:lib/models/shopping_list.dart
LF:0
LH:0
end_of_record
SF:lib/models/pantry_item.dart
DA:5,5
DA:16,4
DA:17,5
DA:18,5
DA:20,1
DA:21,1
DA:23,1
DA:25,1
DA:26,1
DA:27,1
DA:28,1
DA:29,1
DA:30,1
DA:31,1
DA:32,1
DA:33,1
DA:34,1
DA:35,1
DA:36,1
DA:37,1
DA:38,1
DA:39,1
DA:40,1
DA:41,1
DA:42,1
DA:43,1
DA:44,1
DA:46,1
DA:51,1
DA:52,1
DA:53,1
DA:54,2
DA:55,2
DA:57,1
DA:58,6
DA:60,2
DA:61,1
DA:62,2
DA:63,2
DA:67,1
DA:69,0
DA:71,1
DA:74,2
DA:75,0
DA:89,12
DA:90,3
DA:94,4
DA:106,4
DA:107,4
DA:108,4
DA:109,4
DA:110,2
DA:111,4
DA:112,4
DA:113,4
DA:114,4
DA:115,4
DA:116,2
DA:120,1
DA:121,1
DA:122,1
DA:123,1
DA:124,1
DA:125,1
DA:126,1
DA:127,2
DA:128,1
DA:129,1
DA:130,2
DA:131,2
LF:70
LH:68
end_of_record
SF:lib/providers/voice_input_provider.dart
DA:19,4
DA:21,7
DA:23,7
DA:24,0
DA:27,20
DA:28,6
DA:34,2
DA:35,4
DA:40,2
DA:41,2
DA:45,0
DA:46,0
DA:47,0
DA:51,0
DA:52,0
DA:54,0
DA:55,0
DA:68,0
DA:69,0
DA:70,0
DA:75,2
DA:76,4
DA:80,2
DA:84,2
DA:85,2
DA:87,0
DA:89,0
DA:92,0
DA:93,0
DA:94,0
DA:97,0
DA:99,0
DA:100,0
DA:105,10
DA:106,2
DA:107,0
DA:108,0
DA:109,0
DA:113,2
DA:114,4
DA:118,2
DA:119,2
DA:124,0
DA:126,0
DA:127,0
DA:128,0
DA:131,0
DA:135,0
LF:48
LH:20
end_of_record
SF:lib/providers/voice_input_provider.g.dart
DA:9,7
DA:13,14
DA:14,7
LF:3
LH:3
end_of_record
SF:lib/providers/chat_provider.g.dart
DA:9,10
DA:13,0
DA:15,10
DA:17,20
DA:19,40
DA:20,20
DA:23,10
DA:25,40
DA:27,20
DA:28,40
DA:46,28
DA:49,10
DA:50,10
DA:53,0
DA:57,0
DA:62,0
DA:67,0
DA:71,0
DA:80,10
DA:81,10
DA:82,30
DA:94,10
DA:102,10
DA:106,10
DA:108,20
DA:111,0
DA:113,0
DA:115,0
DA:116,0
DA:117,0
DA:122,0
DA:127,10
DA:130,10
DA:133,10
DA:135,40
DA:138,10
DA:140,30
DA:141,30
DA:143,10
DA:158,10
DA:160,0
DA:161,0
LF:42
LH:28
end_of_record
SF:lib/providers/chat_provider.dart
DA:27,40
DA:28,40
DA:29,40
DA:30,32
DA:33,7
DA:44,10
DA:46,30
DA:47,10
DA:50,5
DA:51,5
DA:52,0
DA:56,5
DA:57,5
DA:58,5
DA:62,10
DA:63,5
DA:68,2
DA:69,2
DA:70,0
DA:74,2
DA:75,2
DA:76,2
DA:80,4
DA:81,2
DA:86,2
DA:93,4
DA:94,2
DA:97,4
DA:98,2
DA:99,4
DA:103,2
DA:111,2
DA:112,2
DA:113,4
DA:116,2
DA:117,2
DA:118,2
DA:120,2
DA:122,2
DA:124,2
DA:126,2
DA:127,2
DA:128,2
DA:130,2
DA:132,2
DA:134,2
DA:136,2
DA:138,2
DA:139,4
DA:140,1
DA:141,0
DA:142,1
DA:144,1
DA:146,1
DA:147,1
DA:148,3
DA:149,2
DA:150,1
DA:151,1
DA:152,1
DA:153,1
DA:155,1
DA:157,1
DA:159,1
DA:161,1
DA:163,1
DA:165,1
DA:166,2
DA:167,1
DA:169,1
DA:171,1
DA:173,1
DA:175,1
DA:177,1
DA:179,1
DA:180,3
DA:181,2
DA:182,1
DA:184,1
DA:186,1
DA:188,1
DA:190,0
DA:192,0
DA:194,0
DA:197,0
DA:201,2
DA:202,4
DA:203,4
DA:204,4
DA:206,4
DA:210,2
DA:211,2
DA:212,2
DA:216,2
DA:218,8
DA:219,2
DA:220,4
DA:224,2
DA:230,2
DA:232,2
DA:233,2
DA:234,10
DA:235,4
DA:236,1
DA:237,2
DA:238,1
DA:239,5
DA:240,2
DA:241,1
DA:242,1
DA:243,2
DA:244,2
DA:245,1
DA:247,1
DA:248,2
DA:249,3
DA:250,1
DA:251,1
DA:254,2
DA:255,7
DA:257,2
DA:258,1
DA:259,1
DA:260,1
DA:261,5
DA:262,2
DA:264,0
DA:265,0
DA:267,0
DA:268,0
DA:269,0
DA:270,0
DA:275,2
DA:276,2
DA:277,2
DA:278,4
DA:281,10
DA:282,0
DA:283,0
DA:285,0
DA:286,0
DA:291,7
DA:296,21
DA:297,21
DA:299,7
DA:304,15
DA:305,28
DA:308,14
DA:309,0
DA:310,0
DA:312,0
DA:313,0
DA:316,0
DA:320,7
DA:322,14
DA:323,0
DA:326,9
DA:327,8
DA:331,2
DA:332,4
DA:334,2
DA:335,2
DA:336,2
DA:338,2
DA:346,10
DA:349,35
DA:350,14
DA:352,7
DA:355,7
DA:357,42
DA:361,49
DA:362,49
DA:363,7
DA:364,7
DA:367,0
DA:368,0
DA:370,0
DA:371,0
DA:372,0
DA:375,0
DA:376,0
DA:377,0
DA:380,0
DA:381,0
DA:384,0
DA:385,0
DA:386,0
DA:388,0
DA:389,0
DA:395,49
DA:396,49
DA:399,49
DA:400,14
DA:405,7
DA:406,14
DA:407,7
DA:408,0
DA:409,0
DA:412,0
DA:413,0
DA:415,0
DA:416,0
DA:417,0
DA:419,0
DA:420,0
DA:424,7
DA:425,0
DA:429,49
DA:430,49
DA:431,14
DA:433,21
DA:435,7
DA:438,14
DA:440,21
DA:441,21
DA:442,14
DA:445,14
DA:446,0
DA:452,7
DA:453,7
DA:455,28
DA:456,29
DA:457,28
DA:458,7
DA:460,12
DA:461,3
DA:462,6
DA:463,15
DA:464,6
DA:466,3
DA:470,1
DA:471,1
DA:475,2
DA:476,1
DA:481,1
DA:482,1
DA:483,5
DA:484,1
DA:485,6
DA:488,2
DA:491,4
DA:492,2
DA:493,1
DA:494,1
DA:495,6
DA:496,2
DA:498,1
DA:502,0
DA:503,0
DA:504,0
DA:505,0
DA:506,0
DA:507,0
DA:510,0
DA:511,0
DA:512,0
DA:513,0
DA:514,0
DA:518,7
DA:527,7
DA:528,7
DA:530,7
DA:535,0
DA:536,0
DA:539,0
DA:542,0
DA:545,28
DA:546,9
DA:547,7
DA:548,21
DA:549,7
DA:551,49
DA:553,7
DA:554,21
DA:555,7
DA:557,7
DA:561,4
DA:562,2
DA:563,2
DA:564,2
DA:565,0
DA:566,2
DA:567,10
DA:570,6
DA:571,4
DA:573,6
DA:574,2
DA:575,2
DA:576,2
DA:579,2
DA:581,2
DA:582,2
DA:584,4
DA:585,10
DA:587,4
DA:588,4
DA:590,8
DA:591,4
DA:592,8
DA:594,2
DA:595,2
DA:597,2
DA:598,18
DA:600,8
DA:601,4
DA:602,6
DA:603,2
DA:604,2
DA:605,2
DA:609,2
DA:610,4
DA:611,0
DA:612,0
DA:613,0
DA:618,2
DA:621,4
DA:623,2
DA:624,2
DA:629,0
DA:630,0
DA:631,0
DA:633,0
DA:635,0
DA:636,0
DA:639,2
DA:642,2
DA:643,2
DA:646,2
DA:649,2
DA:652,2
DA:655,2
DA:656,2
DA:659,2
DA:662,2
DA:665,2
DA:671,14
DA:674,7
DA:680,7
DA:681,7
DA:683,7
DA:686,14
DA:690,7
DA:692,1
DA:693,2
DA:695,1
DA:700,7
DA:702,1
DA:703,2
DA:705,0
DA:710,14
DA:711,1
DA:712,1
DA:714,1
DA:716,1
DA:718,0
DA:723,2
DA:724,0
DA:725,0
DA:726,2
DA:727,0
DA:728,0
DA:731,7
DA:734,7
DA:735,28
DA:737,0
DA:741,49
DA:742,14
DA:743,28
DA:744,21
DA:745,21
DA:746,21
DA:749,0
DA:750,0
DA:752,0
DA:753,0
DA:754,0
DA:756,0
DA:757,0
DA:761,7
DA:764,2
DA:765,6
DA:766,4
DA:767,2
DA:770,1
DA:771,2
DA:772,4
DA:775,5
DA:776,0
DA:777,0
DA:779,0
DA:780,0
DA:781,0
DA:786,0
DA:787,0
DA:788,0
DA:789,0
DA:791,0
DA:795,0
DA:796,0
DA:797,0
DA:798,0
DA:801,0
DA:802,0
DA:803,0
DA:805,0
DA:812,0
DA:813,0
DA:817,0
DA:818,0
DA:819,0
DA:821,0
DA:825,0
DA:826,0
DA:827,0
DA:833,0
DA:837,0
DA:839,0
DA:840,0
DA:842,0
DA:843,0
DA:844,0
DA:847,0
DA:848,0
DA:849,0
DA:853,0
DA:854,0
DA:859,0
DA:860,0
DA:861,0
DA:862,0
DA:864,0
DA:865,0
DA:866,0
DA:869,0
DA:870,0
DA:873,0
DA:874,0
DA:876,0
DA:879,0
DA:881,0
DA:885,0
DA:886,0
DA:887,0
DA:888,0
DA:891,0
DA:892,0
DA:894,0
DA:895,0
DA:896,0
DA:898,0
DA:899,0
DA:900,0
DA:902,0
DA:905,0
DA:906,0
DA:909,0
DA:910,0
DA:915,0
DA:916,0
DA:917,0
DA:918,0
DA:920,0
DA:921,0
DA:922,0
DA:924,0
DA:925,0
DA:929,0
DA:930,0
DA:932,0
DA:934,0
DA:935,0
DA:936,0
DA:937,0
DA:939,0
DA:940,0
DA:941,0
DA:942,0
DA:946,1
DA:947,2
DA:948,5
DA:949,1
DA:954,1
DA:955,2
DA:956,1
DA:957,1
DA:961,4
DA:962,2
DA:963,1
DA:964,1
DA:965,1
DA:967,1
DA:968,3
DA:969,0
DA:973,1
DA:975,1
DA:976,2
DA:983,0
DA:984,0
DA:988,0
DA:989,0
DA:992,0
DA:999,0
DA:1000,0
DA:1001,0
DA:1002,0
DA:1003,0
DA:1004,0
DA:1008,7
DA:1009,7
DA:1013,7
DA:1014,7
DA:1017,14
DA:1018,0
DA:1019,0
DA:1020,14
DA:1021,0
DA:1023,7
DA:1024,7
DA:1027,3
DA:1028,3
DA:1032,14
DA:1033,0
DA:1036,14
LF:523
LH:329
end_of_record
SF:lib/providers/firestore_service_provider.dart
LF:0
LH:0
end_of_record
SF:lib/providers/ai_service_provider.dart
LF:0
LH:0
end_of_record
SF:lib/generated/l10n/app_localizations.dart
DA:65,69
DA:69,20
DA:70,20
DA:1697,41
DA:1699,22
DA:1701,44
DA:1704,22
DA:1705,66
DA:1707,4
DA:1711,22
DA:1714,22
DA:1715,22
DA:1716,18
DA:1717,36
DA:1724,5
DA:1725,10
DA:1726,0
DA:1729,0
LF:18
LH:16
end_of_record
SF:lib/generated/l10n/app_localizations_en.dart
DA:9,10
DA:11,0
DA:14,0
DA:17,0
DA:20,0
DA:23,0
DA:26,0
DA:29,0
DA:32,0
DA:35,0
DA:38,0
DA:41,0
DA:44,0
DA:47,0
DA:50,0
DA:53,0
DA:56,0
DA:59,0
DA:62,0
DA:65,0
DA:68,0
DA:71,0
DA:73,0
DA:76,1
DA:78,1
DA:81,0
DA:84,0
DA:87,0
DA:90,0
DA:93,1
DA:96,0
DA:98,0
DA:100,0
DA:101,0
DA:102,0
DA:104,0
DA:107,2
DA:110,0
DA:113,0
DA:116,0
DA:119,0
DA:122,0
DA:125,0
DA:128,0
DA:131,0
DA:134,0
DA:137,0
DA:140,0
DA:143,0
DA:146,0
DA:149,0
DA:152,0
DA:155,0
DA:158,0
DA:161,0
DA:164,0
DA:167,0
DA:170,0
DA:173,0
DA:175,0
DA:178,0
DA:181,0
DA:184,0
DA:186,0
DA:189,0
DA:192,0
DA:194,0
DA:197,0
DA:200,4
DA:203,0
DA:206,4
DA:209,4
DA:212,0
DA:214,0
DA:217,0
DA:220,0
DA:223,0
DA:226,0
DA:228,0
DA:231,0
DA:234,0
DA:236,0
DA:239,0
DA:242,0
DA:245,0
DA:247,0
DA:250,0
DA:253,0
DA:256,0
DA:259,0
DA:261,0
DA:264,0
DA:266,0
DA:269,0
DA:271,0
DA:274,0
DA:277,0
DA:280,0
DA:283,0
DA:286,0
DA:289,0
DA:292,0
DA:295,0
DA:298,0
DA:301,0
DA:304,0
DA:307,0
DA:310,0
DA:313,0
DA:316,0
DA:319,0
DA:322,0
DA:325,0
DA:328,0
DA:331,0
DA:334,0
DA:337,0
DA:340,0
DA:343,0
DA:346,0
DA:349,0
DA:352,0
DA:355,0
DA:358,0
DA:361,0
DA:364,0
DA:367,0
DA:370,0
DA:373,0
DA:375,0
DA:378,0
DA:381,0
DA:384,0
DA:387,0
DA:390,0
DA:392,0
DA:395,2
DA:398,2
DA:401,2
DA:404,2
DA:407,2
DA:410,2
DA:413,2
DA:416,3
DA:419,0
DA:422,0
DA:425,0
DA:428,0
DA:431,0
DA:434,0
DA:437,0
DA:440,0
DA:443,0
DA:446,0
DA:449,0
DA:451,0
DA:454,0
DA:457,0
DA:460,0
DA:463,0
DA:466,0
DA:469,0
DA:472,0
DA:475,0
DA:478,0
DA:481,0
DA:484,0
DA:487,0
DA:490,0
DA:493,0
DA:496,0
DA:499,0
DA:501,0
DA:504,0
DA:507,0
DA:510,0
DA:513,0
DA:516,0
DA:518,0
DA:521,0
DA:524,0
DA:526,0
DA:529,0
DA:532,0
DA:535,0
DA:538,0
DA:541,0
DA:544,0
DA:547,3
DA:550,0
DA:552,0
DA:555,3
DA:558,0
DA:561,3
DA:564,0
DA:567,0
DA:570,0
DA:573,0
DA:576,0
DA:579,0
DA:582,0
DA:584,0
DA:587,0
DA:590,0
DA:593,0
DA:596,0
DA:599,3
DA:602,3
DA:605,0
DA:608,0
DA:611,0
DA:614,0
DA:617,0
DA:620,0
DA:623,0
DA:626,0
DA:629,0
DA:632,0
DA:635,0
DA:638,0
DA:641,0
DA:644,0
DA:647,0
DA:650,0
DA:653,0
DA:656,0
DA:659,0
DA:662,0
DA:665,0
DA:668,0
DA:671,0
DA:674,0
DA:677,0
DA:680,0
DA:683,0
DA:686,0
DA:689,0
DA:692,0
DA:695,0
DA:698,0
DA:701,0
DA:704,0
DA:706,0
DA:709,0
DA:712,0
DA:715,0
DA:717,0
DA:719,0
DA:720,0
DA:721,0
DA:723,0
DA:726,0
DA:729,0
DA:732,0
DA:735,0
DA:738,0
DA:741,0
DA:744,0
DA:747,0
DA:750,0
DA:753,0
DA:756,0
DA:759,0
DA:762,0
DA:765,0
DA:768,0
DA:771,0
DA:774,0
DA:777,0
DA:780,0
DA:783,0
DA:786,0
DA:789,0
DA:792,0
DA:795,0
DA:798,3
DA:801,0
DA:804,0
DA:807,0
DA:810,0
DA:813,0
DA:816,3
DA:819,3
DA:822,3
DA:825,3
DA:828,3
DA:831,3
DA:834,0
DA:837,0
DA:839,0
DA:842,1
DA:845,0
DA:848,3
DA:851,2
DA:854,0
DA:857,0
DA:860,0
DA:863,1
DA:866,1
LF:299
LH:33
end_of_record
SF:lib/generated/l10n/app_localizations_pt.dart
DA:9,38
DA:11,0
DA:14,0
DA:17,0
DA:20,0
DA:23,0
DA:26,0
DA:29,0
DA:32,0
DA:35,0
DA:38,0
DA:41,0
DA:44,0
DA:47,0
DA:50,0
DA:53,0
DA:56,0
DA:59,0
DA:62,0
DA:65,0
DA:68,0
DA:71,0
DA:73,0
DA:76,0
DA:78,0
DA:81,0
DA:84,0
DA:87,0
DA:90,0
DA:93,0
DA:96,0
DA:98,0
DA:100,0
DA:101,0
DA:102,0
DA:104,0
DA:107,0
DA:110,0
DA:113,0
DA:116,0
DA:119,0
DA:122,0
DA:125,0
DA:128,0
DA:131,0
DA:134,0
DA:137,0
DA:140,0
DA:143,0
DA:146,0
DA:149,0
DA:152,0
DA:155,0
DA:158,0
DA:161,0
DA:164,0
DA:167,0
DA:170,0
DA:173,0
DA:175,0
DA:178,0
DA:181,0
DA:184,0
DA:186,0
DA:189,0
DA:192,0
DA:194,0
DA:197,0
DA:200,0
DA:203,0
DA:206,0
DA:209,0
DA:212,0
DA:214,0
DA:217,0
DA:220,0
DA:223,0
DA:226,0
DA:228,0
DA:231,0
DA:234,0
DA:236,0
DA:239,0
DA:242,0
DA:245,0
DA:247,0
DA:250,0
DA:253,0
DA:256,0
DA:259,0
DA:261,0
DA:264,0
DA:266,0
DA:269,0
DA:271,0
DA:274,0
DA:277,0
DA:280,0
DA:283,0
DA:286,0
DA:289,0
DA:292,0
DA:295,0
DA:298,0
DA:301,0
DA:304,0
DA:307,0
DA:310,0
DA:313,0
DA:316,0
DA:319,0
DA:322,0
DA:325,0
DA:328,0
DA:331,0
DA:334,0
DA:337,0
DA:340,0
DA:343,0
DA:346,0
DA:349,0
DA:352,0
DA:355,0
DA:358,0
DA:361,0
DA:364,0
DA:367,0
DA:370,0
DA:373,0
DA:375,0
DA:378,0
DA:381,0
DA:384,0
DA:387,0
DA:390,0
DA:392,0
DA:395,0
DA:398,0
DA:401,0
DA:404,0
DA:407,0
DA:410,0
DA:413,0
DA:416,0
DA:419,0
DA:422,0
DA:425,0
DA:428,0
DA:431,0
DA:434,0
DA:437,0
DA:440,0
DA:443,0
DA:446,0
DA:449,0
DA:451,0
DA:454,0
DA:457,0
DA:460,0
DA:463,0
DA:466,0
DA:469,0
DA:472,0
DA:475,0
DA:478,0
DA:481,0
DA:484,0
DA:487,0
DA:490,0
DA:493,0
DA:496,0
DA:499,0
DA:501,0
DA:504,0
DA:507,0
DA:510,0
DA:513,0
DA:516,0
DA:518,0
DA:521,0
DA:524,0
DA:526,0
DA:529,0
DA:532,0
DA:535,0
DA:538,0
DA:541,0
DA:544,0
DA:547,0
DA:550,0
DA:552,0
DA:555,0
DA:558,0
DA:561,0
DA:564,0
DA:567,0
DA:570,0
DA:573,0
DA:576,0
DA:579,0
DA:582,0
DA:584,0
DA:587,0
DA:590,0
DA:593,0
DA:596,0
DA:599,0
DA:602,0
DA:605,0
DA:608,0
DA:611,0
DA:614,0
DA:617,0
DA:620,0
DA:623,0
DA:626,0
DA:629,0
DA:632,0
DA:635,0
DA:638,0
DA:641,0
DA:644,0
DA:647,0
DA:650,0
DA:653,0
DA:656,0
DA:659,0
DA:662,0
DA:665,0
DA:668,0
DA:671,0
DA:674,0
DA:677,0
DA:680,0
DA:683,0
DA:686,0
DA:689,0
DA:692,0
DA:695,0
DA:698,0
DA:701,0
DA:704,0
DA:706,0
DA:709,0
DA:712,0
DA:715,0
DA:717,0
DA:719,0
DA:720,0
DA:721,0
DA:723,0
DA:726,0
DA:729,0
DA:732,0
DA:735,0
DA:738,0
DA:741,0
DA:744,0
DA:747,0
DA:750,0
DA:753,0
DA:756,0
DA:759,0
DA:762,0
DA:765,0
DA:768,0
DA:771,0
DA:774,0
DA:777,0
DA:780,0
DA:783,0
DA:786,0
DA:789,0
DA:792,0
DA:795,0
DA:798,0
DA:801,0
DA:804,0
DA:807,0
DA:810,0
DA:813,0
DA:816,0
DA:819,0
DA:822,0
DA:825,0
DA:828,0
DA:831,0
DA:834,0
DA:837,0
DA:839,0
DA:842,0
DA:845,0
DA:848,0
DA:851,0
DA:854,0
DA:857,0
DA:860,0
DA:863,0
DA:866,0
DA:872,38
DA:874,0
DA:877,0
DA:880,0
DA:883,7
DA:886,2
DA:889,3
DA:892,4
DA:895,2
DA:898,0
DA:901,1
DA:904,0
DA:907,1
DA:910,0
DA:913,0
DA:916,2
DA:919,0
DA:922,1
DA:925,0
DA:928,1
DA:931,1
DA:934,1
DA:936,1
DA:939,0
DA:941,0
DA:944,0
DA:947,0
DA:950,0
DA:953,2
DA:956,0
DA:959,0
DA:961,0
DA:963,0
DA:964,0
DA:965,0
DA:967,0
DA:970,2
DA:973,0
DA:976,2
DA:979,2
DA:982,2
DA:985,1
DA:988,0
DA:991,0
DA:994,0
DA:997,3
DA:1000,2
DA:1003,2
DA:1006,1
DA:1009,1
DA:1012,0
DA:1015,0
DA:1018,0
DA:1021,0
DA:1024,0
DA:1027,0
DA:1030,0
DA:1033,0
DA:1036,0
DA:1038,0
DA:1041,0
DA:1044,0
DA:1047,0
DA:1049,0
DA:1052,0
DA:1055,0
DA:1057,0
DA:1060,0
DA:1063,1
DA:1066,1
DA:1069,1
DA:1072,1
DA:1075,1
DA:1077,1
DA:1080,1
DA:1083,1
DA:1086,1
DA:1089,1
DA:1091,1
DA:1094,3
DA:1097,1
DA:1099,1
DA:1102,1
DA:1105,1
DA:1108,1
DA:1110,1
DA:1113,1
DA:1116,1
DA:1119,1
DA:1122,1
DA:1124,1
DA:1127,1
DA:1129,1
DA:1132,0
DA:1134,0
DA:1137,3
DA:1140,2
DA:1143,0
DA:1146,0
DA:1149,2
DA:1152,2
DA:1155,2
DA:1158,2
DA:1161,2
DA:1164,2
DA:1167,2
DA:1170,2
DA:1173,2
DA:1176,2
DA:1179,3
DA:1182,2
DA:1185,2
DA:1188,2
DA:1191,2
DA:1194,2
DA:1197,1
DA:1200,1
DA:1203,2
DA:1206,2
DA:1209,2
DA:1212,2
DA:1215,1
DA:1218,1
DA:1221,0
DA:1224,0
DA:1227,0
DA:1230,0
DA:1233,0
DA:1236,0
DA:1238,0
DA:1241,2
DA:1244,0
DA:1247,0
DA:1250,0
DA:1253,0
DA:1255,0
DA:1258,2
DA:1261,2
DA:1264,2
DA:1267,2
DA:1270,2
DA:1273,2
DA:1276,2
DA:1279,5
DA:1282,2
DA:1285,2
DA:1288,4
DA:1291,4
DA:1294,4
DA:1297,0
DA:1300,1
DA:1303,1
DA:1306,0
DA:1309,2
DA:1312,1
DA:1314,1
DA:1317,1
DA:1320,2
DA:1323,2
DA:1326,2
DA:1329,2
DA:1332,2
DA:1335,1
DA:1338,2
DA:1341,0
DA:1344,0
DA:1347,0
DA:1350,0
DA:1353,0
DA:1356,0
DA:1359,0
DA:1362,0
DA:1364,0
DA:1367,0
DA:1370,0
DA:1373,0
DA:1376,0
DA:1379,0
DA:1381,0
DA:1384,0
DA:1387,0
DA:1389,0
DA:1392,0
DA:1395,2
DA:1398,0
DA:1401,3
DA:1404,1
DA:1407,1
DA:1410,3
DA:1413,0
DA:1415,0
DA:1418,2
DA:1421,0
DA:1424,2
DA:1427,0
DA:1430,1
DA:1433,1
DA:1436,1
DA:1439,0
DA:1442,1
DA:1445,0
DA:1447,0
DA:1450,3
DA:1453,1
DA:1456,1
DA:1459,1
DA:1462,3
DA:1465,3
DA:1468,0
DA:1471,0
DA:1474,0
DA:1477,1
DA:1480,1
DA:1483,1
DA:1486,1
DA:1489,1
DA:1492,1
DA:1495,1
DA:1498,1
DA:1501,1
DA:1504,1
DA:1507,1
DA:1510,1
DA:1513,0
DA:1516,0
DA:1519,0
DA:1522,0
DA:1525,0
DA:1528,0
DA:1531,0
DA:1534,0
DA:1537,0
DA:1540,0
DA:1543,0
DA:1546,0
DA:1549,0
DA:1552,0
DA:1555,0
DA:1558,0
DA:1561,0
DA:1564,0
DA:1567,0
DA:1569,0
DA:1572,0
DA:1575,0
DA:1578,0
DA:1580,0
DA:1582,0
DA:1583,0
DA:1584,0
DA:1586,0
DA:1589,0
DA:1592,0
DA:1595,0
DA:1598,0
DA:1601,0
DA:1604,0
DA:1607,0
DA:1610,2
DA:1613,2
DA:1616,1
DA:1619,1
DA:1622,1
DA:1625,1
DA:1628,1
DA:1631,2
DA:1634,2
DA:1637,0
DA:1640,0
DA:1643,0
DA:1646,0
DA:1649,0
DA:1652,0
DA:1655,0
DA:1658,0
DA:1661,4
DA:1664,2
DA:1667,0
DA:1670,0
DA:1673,1
DA:1676,1
DA:1679,3
DA:1682,3
DA:1685,3
DA:1688,3
DA:1691,3
DA:1694,3
DA:1697,0
DA:1700,0
DA:1702,0
DA:1705,0
DA:1708,0
DA:1711,2
DA:1714,2
DA:1717,0
DA:1720,0
DA:1723,0
DA:1726,1
DA:1729,1
LF:598
LH:156
end_of_record
SF:lib/models/interactive_artifact.dart
LF:0
LH:0
end_of_record
SF:lib/models/unit.dart
DA:14,0
DA:15,0
DA:16,0
DA:18,0
LF:4
LH:0
end_of_record
SF:lib/providers/auth_service_provider.dart
LF:0
LH:0
end_of_record
SF:lib/services/auth_service.dart
LF:0
LH:0
end_of_record
SF:lib/providers/current_list_provider.dart
DA:8,8
DA:10,24
DA:11,8
DA:14,2
DA:15,6
DA:16,4
DA:17,4
DA:19,2
DA:20,0
DA:21,0
LF:10
LH:8
end_of_record
SF:lib/providers/current_list_provider.g.dart
DA:9,8
DA:13,16
DA:14,8
LF:3
LH:3
end_of_record
SF:lib/providers/dark_mode_provider.dart
DA:9,7
DA:12,21
DA:13,7
DA:15,7
DA:17,7
DA:22,0
DA:27,3
DA:28,9
DA:29,6
DA:30,6
DA:32,6
DA:33,0
DA:34,0
LF:13
LH:10
end_of_record
SF:lib/providers/dark_mode_provider.g.dart
DA:9,7
DA:13,14
DA:14,7
LF:3
LH:3
end_of_record
SF:lib/services/firestore_service.dart
LF:0
LH:0
end_of_record
SF:lib/providers/item_history_provider.dart
DA:8,9
DA:10,9
DA:11,9
DA:14,9
DA:15,27
DA:16,9
DA:17,9
DA:18,0
DA:19,0
DA:23,9
DA:24,9
DA:25,9
DA:29,18
DA:30,27
DA:32,9
DA:34,27
DA:35,27
DA:38,0
DA:39,0
DA:40,0
DA:41,0
LF:21
LH:15
end_of_record
SF:lib/providers/item_history_provider.g.dart
DA:9,9
DA:13,18
DA:14,9
LF:3
LH:3
end_of_record
SF:lib/providers/monthly_budget_provider.dart
DA:8,4
DA:10,12
DA:11,4
DA:12,6
DA:15,4
DA:16,12
DA:17,8
DA:18,8
DA:20,8
DA:21,0
DA:22,0
LF:11
LH:9
end_of_record
SF:lib/providers/monthly_budget_provider.g.dart
DA:9,4
DA:13,8
DA:14,4
LF:3
LH:3
end_of_record
SF:lib/providers/premium_provider.dart
DA:12,18
DA:14,54
DA:15,18
DA:17,18
DA:18,18
DA:22,18
DA:23,18
DA:24,18
DA:26,0
DA:27,0
DA:28,0
DA:33,36
DA:35,3
DA:36,18
DA:38,53
DA:39,17
DA:40,17
DA:43,36
LF:18
LH:15
end_of_record
SF:lib/providers/premium_provider.g.dart
DA:9,18
DA:13,40
DA:14,20
LF:3
LH:3
end_of_record
SF:lib/providers/revenuecat_service_provider.dart
LF:0
LH:0
end_of_record
SF:lib/providers/price_history_provider.dart
DA:8,1
DA:10,1
DA:11,1
DA:14,1
DA:15,3
DA:16,1
DA:17,1
DA:18,0
DA:19,0
DA:23,1
DA:24,2
DA:25,1
DA:29,2
DA:30,1
DA:32,1
DA:34,3
DA:35,3
DA:38,0
DA:39,0
LF:19
LH:15
end_of_record
SF:lib/providers/price_history_provider.g.dart
DA:9,1
DA:13,2
DA:14,1
LF:3
LH:3
end_of_record
SF:lib/services/revenuecat_service.dart
DA:4,4
LF:1
LH:1
end_of_record
SF:lib/services/revenuecat_service_impl.dart
LF:0
LH:0
end_of_record
SF:lib/providers/shopping_list_provider.g.dart
DA:9,20
DA:13,0
DA:15,20
DA:17,40
DA:19,80
DA:20,40
DA:23,20
DA:25,80
DA:27,40
DA:28,80
DA:39,41
DA:42,20
DA:43,20
DA:46,0
DA:48,0
DA:53,0
DA:58,0
DA:62,0
DA:69,20
DA:70,20
DA:71,40
DA:83,20
DA:91,20
DA:95,0
DA:97,0
DA:99,0
DA:100,0
DA:101,0
DA:106,0
DA:111,20
DA:113,20
DA:116,20
DA:118,80
DA:121,20
DA:123,60
DA:124,60
DA:126,20
DA:139,20
DA:141,0
DA:142,0
DA:145,20
DA:161,41
DA:164,20
DA:165,20
DA:168,0
DA:172,0
DA:177,0
DA:182,0
DA:186,0
DA:198,20
DA:199,20
DA:200,60
DA:213,20
DA:221,20
DA:225,20
DA:229,40
DA:232,0
DA:234,0
DA:236,0
DA:237,0
DA:238,0
DA:243,0
DA:248,20
DA:254,20
DA:257,20
DA:259,80
DA:262,20
DA:264,60
DA:265,60
DA:267,20
DA:286,20
DA:288,0
DA:289,0
LF:73
LH:46
end_of_record
SF:lib/providers/shopping_list_provider.dart
LF:0
LH:0
end_of_record
SF:lib/providers/shopping_lists_provider.dart
LF:0
LH:0
end_of_record
SF:lib/providers/shopping_lists_provider.g.dart
DA:9,22
DA:13,66
LF:2
LH:2
end_of_record
SF:lib/providers/user_stats_provider.dart
DA:7,4
DA:14,2
DA:15,2
DA:16,2
DA:17,2
DA:18,1
DA:19,0
DA:28,3
DA:34,3
DA:35,0
DA:36,0
DA:37,0
DA:38,0
DA:42,6
DA:43,3
DA:44,3
DA:45,3
DA:46,6
DA:52,4
DA:54,4
DA:55,4
DA:58,4
DA:59,12
DA:60,4
DA:61,4
DA:62,3
DA:66,3
DA:67,3
DA:68,6
DA:70,6
DA:71,0
DA:72,0
DA:73,0
DA:74,0
DA:75,0
DA:77,0
DA:78,0
DA:79,0
DA:80,0
DA:87,9
DA:88,9
DA:89,9
DA:94,9
DA:95,12
LF:44
LH:30
end_of_record
SF:lib/providers/user_stats_provider.g.dart
DA:9,4
DA:13,8
DA:14,4
LF:3
LH:3
end_of_record
SF:lib/services/logger_service.dart
DA:6,6
DA:7,6
DA:8,18
DA:11,0
DA:17,0
DA:18,0
DA:20,0
DA:24,0
DA:25,0
DA:26,0
DA:34,0
DA:38,0
DA:42,1
DA:43,3
DA:45,1
DA:46,1
DA:47,1
LF:17
LH:8
end_of_record
SF:lib/providers/theme_color_provider.dart
DA:11,7
DA:13,21
DA:14,7
DA:15,7
DA:16,2
DA:19,2
DA:20,6
DA:21,6
DA:22,4
DA:23,2
LF:10
LH:10
end_of_record
SF:lib/providers/theme_color_provider.g.dart
DA:9,7
DA:13,14
DA:14,7
LF:3
LH:3
end_of_record
SF:lib/agent/tool.dart
DA:4,28
DA:20,28
DA:30,7
DA:31,7
DA:32,7
DA:33,14
DA:34,7
DA:35,7
DA:36,7
DA:38,7
DA:39,14
DA:41,14
DA:42,7
DA:43,14
DA:46,7
DA:48,7
DA:49,7
DA:50,7
DA:51,7
DA:62,3
DA:68,0
DA:69,0
DA:70,0
DA:71,0
DA:72,0
DA:73,0
DA:77,0
DA:79,0
DA:80,0
DA:82,0
DA:83,0
DA:91,2
DA:92,2
DA:93,2
DA:95,2
DA:96,2
DA:97,4
DA:104,30
DA:128,14
DA:129,7
DA:130,7
DA:131,7
DA:132,7
DA:133,7
DA:134,7
DA:135,7
DA:136,7
DA:139,14
DA:237,14
DA:455,14
DA:599,14
DA:619,14
DA:647,14
DA:668,14
DA:688,14
LF:55
LH:44
end_of_record
SF:lib/agent/tool_executor.dart
DA:21,7
DA:25,2
DA:26,4
DA:27,4
DA:29,0
DA:30,0
DA:38,2
DA:40,2
DA:41,1
DA:42,2
DA:43,0
DA:44,2
DA:45,0
DA:46,2
DA:47,2
DA:48,2
DA:49,2
DA:50,2
DA:51,2
DA:52,2
DA:53,2
DA:54,2
DA:55,0
DA:58,2
DA:59,0
DA:60,2
DA:61,4
DA:62,1
DA:63,0
DA:64,1
DA:65,0
DA:66,1
DA:67,0
DA:68,1
DA:69,2
DA:70,1
DA:71,0
DA:72,1
DA:73,0
DA:74,1
DA:75,2
DA:76,1
DA:77,0
DA:78,1
DA:79,2
DA:82,1
DA:83,0
DA:84,1
DA:85,2
DA:86,1
DA:87,0
DA:88,1
DA:89,0
DA:90,1
DA:91,2
DA:92,1
DA:93,2
DA:94,1
DA:95,0
DA:98,1
DA:99,0
DA:100,1
DA:101,2
DA:104,1
DA:105,0
DA:106,1
DA:107,0
DA:110,1
DA:111,0
DA:112,1
DA:113,2
DA:116,0
DA:117,0
DA:118,0
DA:119,0
DA:120,0
DA:121,0
DA:124,0
DA:125,0
DA:126,0
DA:130,0
DA:131,0
DA:133,0
DA:134,0
DA:135,0
DA:137,0
DA:138,0
DA:139,0
DA:145,1
DA:147,1
DA:149,1
DA:151,1
DA:153,0
DA:155,0
DA:162,0
DA:163,0
DA:167,0
DA:168,0
DA:171,1
DA:172,4
DA:173,1
DA:179,1
DA:180,2
DA:181,1
DA:182,1
DA:183,1
DA:184,4
DA:186,2
DA:189,0
DA:190,0
DA:197,0
DA:198,0
DA:202,0
DA:204,0
DA:208,0
DA:209,0
DA:210,0
DA:214,1
DA:215,1
DA:216,3
DA:217,5
DA:218,1
DA:220,2
DA:224,1
DA:225,1
DA:226,1
DA:227,4
DA:228,5
DA:236,6
DA:237,2
DA:240,1
DA:241,1
DA:242,5
DA:246,1
DA:247,1
DA:248,5
DA:252,0
DA:253,0
DA:254,0
DA:258,0
DA:259,0
DA:260,0
DA:268,0
DA:269,0
DA:272,0
DA:273,0
DA:274,0
DA:275,0
DA:276,0
DA:277,0
DA:279,0
DA:282,2
DA:283,2
DA:284,2
DA:285,4
DA:286,2
DA:287,2
DA:288,2
DA:289,2
DA:291,10
DA:296,0
DA:301,2
DA:303,2
DA:304,2
DA:311,1
DA:312,4
DA:313,1
DA:314,2
DA:315,5
DA:316,2
DA:317,3
DA:323,0
DA:324,0
DA:325,0
DA:326,0
DA:335,0
DA:336,0
DA:346,0
DA:347,0
DA:349,0
DA:350,0
DA:352,0
DA:353,0
DA:355,0
DA:356,0
DA:358,0
DA:359,0
DA:362,0
DA:363,0
DA:366,0
DA:367,0
DA:373,0
DA:374,0
DA:375,0
DA:376,0
DA:384,0
DA:385,0
DA:393,0
DA:394,0
DA:397,0
DA:398,0
DA:404,0
DA:405,0
DA:406,0
DA:407,0
DA:415,0
DA:416,0
DA:424,0
DA:425,0
DA:426,0
DA:427,0
DA:429,0
DA:430,0
DA:431,0
DA:437,1
DA:438,1
DA:439,1
DA:440,8
DA:441,1
DA:442,1
DA:443,2
DA:444,1
DA:446,4
DA:450,1
DA:451,2
DA:452,4
DA:453,1
DA:454,2
DA:455,2
DA:456,2
DA:461,2
DA:462,7
DA:465,1
DA:467,2
DA:468,1
DA:474,0
DA:475,0
DA:476,0
DA:477,0
DA:481,0
DA:485,0
DA:486,0
DA:487,0
DA:488,0
DA:492,0
DA:496,1
DA:497,1
DA:498,5
DA:502,0
DA:503,0
DA:504,0
DA:508,1
DA:509,1
DA:510,2
DA:511,2
DA:512,5
DA:518,0
DA:519,0
DA:520,0
DA:523,0
DA:524,0
DA:525,0
DA:526,0
DA:528,0
DA:531,1
DA:532,1
DA:533,2
DA:534,3
DA:535,1
DA:536,1
DA:537,1
DA:539,5
DA:543,1
DA:548,2
DA:551,0
DA:552,0
DA:553,0
DA:554,0
DA:559,0
DA:560,0
DA:562,0
DA:563,0
DA:565,0
DA:566,0
DA:568,0
DA:569,0
DA:571,0
DA:575,0
DA:576,0
DA:577,0
DA:581,1
DA:582,1
DA:583,3
DA:584,5
DA:588,1
DA:589,1
DA:590,2
DA:591,5
DA:595,0
DA:596,0
DA:602,0
DA:603,0
DA:607,0
DA:609,0
DA:613,1
DA:614,2
DA:615,4
DA:616,5
DA:617,1
DA:619,2
DA:620,1
DA:628,0
DA:629,0
DA:630,0
DA:631,0
DA:634,0
DA:635,0
DA:636,0
DA:637,0
DA:639,0
DA:645,0
DA:646,0
DA:647,0
DA:652,0
DA:655,1
DA:656,1
DA:658,1
DA:659,5
DA:660,0
DA:661,0
DA:663,0
DA:665,2
DA:670,0
DA:671,0
DA:672,0
DA:675,0
DA:676,0
DA:677,0
DA:678,0
DA:681,0
DA:682,0
DA:683,0
DA:684,0
DA:687,0
DA:688,0
DA:689,0
DA:690,0
DA:691,0
DA:694,0
DA:695,0
DA:696,0
DA:697,0
DA:698,0
DA:700,0
DA:701,0
DA:702,0
DA:703,0
DA:705,0
DA:706,0
DA:708,0
DA:721,0
DA:723,0
DA:724,0
DA:725,0
LF:364
LH:162
end_of_record
SF:lib/providers/backup_provider.dart
LF:0
LH:0
end_of_record
SF:lib/providers/pantry_items_provider.dart
DA:13,8
DA:15,24
DA:16,8
DA:19,3
DA:28,12
DA:29,6
DA:31,4
DA:32,1
DA:35,9
DA:36,3
DA:46,6
DA:47,6
DA:49,3
DA:50,0
DA:51,0
DA:56,2
DA:57,6
DA:58,4
DA:59,12
DA:61,4
DA:63,2
DA:64,0
DA:65,0
DA:70,2
DA:71,6
DA:72,4
DA:73,10
DA:75,4
DA:77,2
DA:78,0
DA:79,0
DA:84,1
DA:85,3
DA:86,2
DA:88,2
DA:89,2
DA:90,1
DA:91,1
DA:92,1
DA:97,1
DA:99,2
DA:102,1
DA:104,0
DA:105,0
DA:110,1
DA:111,3
DA:112,2
DA:114,2
DA:115,2
DA:116,1
DA:117,2
DA:118,1
DA:123,1
DA:125,2
DA:128,1
DA:130,0
DA:131,0
DA:136,1
DA:137,3
DA:138,2
DA:140,2
DA:141,4
DA:142,1
DA:143,2
DA:144,1
DA:149,1
DA:151,2
DA:154,1
DA:156,0
DA:157,0
DA:162,2
DA:163,6
DA:164,4
DA:166,4
DA:167,8
DA:168,2
DA:169,4
DA:170,2
DA:175,2
DA:177,4
DA:180,2
DA:182,0
DA:183,0
DA:188,1
DA:189,3
DA:190,2
DA:192,2
DA:193,4
DA:194,2
DA:195,0
DA:197,1
DA:198,2
DA:199,1
DA:204,1
DA:206,2
DA:209,1
DA:211,0
DA:212,0
DA:217,3
DA:218,9
DA:219,6
DA:221,6
DA:222,6
DA:223,3
DA:224,9
DA:225,3
DA:230,3
DA:232,6
DA:235,3
DA:237,0
DA:238,0
DA:243,1
DA:244,3
DA:245,2
DA:247,2
DA:248,2
DA:249,1
DA:250,1
DA:251,1
DA:256,1
DA:258,2
DA:261,1
DA:263,0
DA:264,0
DA:269,1
DA:270,3
DA:271,2
DA:272,1
DA:274,2
DA:275,0
DA:276,0
LF:131
LH:108
end_of_record
SF:lib/providers/pantry_items_provider.g.dart
DA:9,8
DA:13,16
DA:14,8
LF:3
LH:3
end_of_record
SF:lib/providers/share_provider.dart
DA:8,4
DA:9,1
DA:13,1
DA:18,1
DA:20,1
DA:21,2
DA:22,5
DA:24,1
DA:27,1
DA:28,4
DA:30,0
DA:33,3
DA:34,1
DA:35,5
DA:37,0
DA:39,4
DA:41,0
DA:43,1
DA:48,1
DA:49,1
DA:53,0
DA:54,0
DA:55,0
DA:59,2
DA:62,1
DA:63,2
DA:68,1
DA:69,3
DA:70,1
DA:72,1
DA:75,1
DA:76,1
DA:77,1
DA:79,1
DA:80,3
LF:35
LH:29
end_of_record
SF:lib/services/open_code_go_service.dart
LF:0
LH:0
end_of_record
SF:lib/providers/api_key_provider.dart
LF:0
LH:0
end_of_record
SF:lib/utils/test_utils.dart
DA:5,8
DA:6,16
DA:9,8
DA:10,16
DA:11,0
LF:5
LH:4
end_of_record
SF:lib/providers/artifact_state_provider.dart
DA:9,2
DA:23,2
DA:30,2
DA:31,2
DA:32,2
DA:33,2
DA:34,2
DA:35,2
DA:42,2
DA:47,2
DA:48,2
DA:52,2
DA:53,4
DA:54,6
DA:57,4
DA:58,2
DA:63,2
DA:66,4
DA:69,2
DA:70,2
DA:71,2
DA:75,4
DA:76,2
DA:79,8
DA:80,4
DA:81,2
DA:84,2
DA:86,4
DA:90,2
DA:95,4
DA:98,2
DA:99,2
DA:100,2
DA:104,4
DA:105,6
DA:109,2
DA:110,2
DA:111,2
DA:112,2
DA:113,2
DA:114,2
DA:118,2
DA:120,2
DA:121,4
DA:124,2
DA:125,2
DA:126,2
DA:130,6
DA:131,4
DA:132,2
DA:134,4
DA:135,6
DA:136,1
DA:139,2
DA:141,6
DA:143,4
DA:144,6
DA:145,4
DA:147,4
DA:148,4
DA:150,10
DA:152,2
DA:156,2
DA:160,4
DA:163,2
DA:164,6
DA:167,4
DA:168,4
DA:169,8
DA:170,6
DA:174,2
DA:177,2
DA:178,8
DA:179,2
DA:184,4
DA:185,4
DA:186,2
DA:187,4
DA:188,2
DA:189,2
DA:193,4
DA:197,4
DA:200,2
DA:201,6
DA:205,6
DA:206,4
DA:207,2
DA:208,2
DA:215,2
DA:216,2
DA:217,6
DA:220,6
DA:223,8
DA:226,10
DA:232,2
DA:233,2
DA:234,4
DA:237,4
DA:240,4
DA:243,4
DA:246,2
DA:249,4
LF:102
LH:102
end_of_record
SF:lib/providers/artifact_state_provider.g.dart
DA:9,2
DA:14,0
DA:16,2
DA:18,4
DA:20,8
DA:21,4
DA:24,2
DA:26,8
DA:28,4
DA:29,8
DA:47,22
DA:50,2
DA:51,2
DA:54,0
DA:58,0
DA:63,0
DA:68,0
DA:72,0
DA:81,2
DA:82,2
DA:83,6
DA:96,2
DA:104,2
DA:108,2
DA:110,4
DA:113,0
DA:115,0
DA:117,0
DA:118,0
DA:119,0
DA:124,0
DA:129,2
DA:132,2
DA:135,2
DA:137,2
DA:138,6
DA:141,2
DA:143,6
DA:144,6
DA:146,2
DA:165,2
DA:167,0
DA:168,0
LF:43
LH:29
end_of_record
SF:lib/models/premium_feature.dart
DA:15,1
DA:17,1
DA:19,1
DA:21,1
DA:23,1
DA:25,1
DA:27,1
DA:29,1
DA:31,1
DA:33,1
DA:38,1
DA:40,1
DA:41,1
DA:42,1
DA:43,1
DA:44,1
DA:45,1
DA:46,1
DA:47,1
DA:48,1
DA:49,1
DA:50,1
DA:51,1
DA:52,1
DA:53,1
DA:54,1
DA:55,1
DA:56,1
DA:57,1
DA:61,1
DA:63,1
DA:65,1
DA:67,1
DA:69,1
DA:71,1
DA:73,1
DA:75,1
DA:77,1
DA:79,1
DA:86,22
DA:109,3
DA:110,3
DA:111,12
DA:112,2
LF:44
LH:44
end_of_record
SF:lib/screens/onboarding_screen.dart
DA:13,9
DA:15,1
DA:17,1
DA:19,1
DA:20,1
DA:22,2
DA:26,1
DA:28,2
DA:32,1
DA:34,2
DA:38,1
DA:47,2
DA:48,1
DA:49,1
DA:50,1
DA:51,3
DA:56,1
DA:58,1
DA:59,1
DA:60,3
DA:61,2
DA:71,1
DA:73,1
DA:75,1
DA:76,1
DA:77,1
DA:78,1
DA:79,1
DA:82,1
DA:84,3
DA:85,2
DA:88,1
DA:90,2
DA:92,1
DA:94,3
DA:96,2
DA:99,0
DA:100,0
DA:101,1
DA:104,2
DA:105,3
DA:107,1
DA:108,1
DA:111,1
DA:119,1
DA:120,1
DA:122,1
DA:125,1
DA:126,2
DA:129,1
DA:130,1
DA:131,1
DA:133,1
DA:140,1
DA:145,1
DA:150,1
DA:152,1
DA:153,1
DA:156,1
DA:157,0
DA:163,1
DA:166,1
DA:167,1
DA:173,1
DA:175,3
DA:176,3
DA:184,0
DA:185,0
DA:186,0
DA:187,0
DA:190,0
DA:192,0
DA:196,0
DA:197,0
DA:202,1
LF:75
LH:64
end_of_record
SF:lib/providers/analytics_service_provider.dart
LF:0
LH:0
end_of_record
SF:lib/services/analytics_service.dart
LF:0
LH:0
end_of_record
SF:lib/screens/paywall_screen.dart
LF:0
LH:0
end_of_record
SF:lib/theme/colors.dart
LF:0
LH:0
end_of_record
SF:lib/theme/page_transitions.dart
DA:4,3
DA:5,3
DA:6,3
DA:7,3
DA:8,3
DA:9,3
DA:12,6
DA:16,3
LF:8
LH:8
end_of_record
SF:lib/theme/tokens.dart
LF:0
LH:0
end_of_record
SF:lib/providers/categories_provider.dart
DA:6,34
DA:7,17
DA:14,9
DA:16,27
DA:17,9
DA:18,9
DA:19,0
DA:20,0
DA:21,0
DA:22,0
DA:24,0
DA:25,0
DA:27,27
DA:28,27
DA:29,0
DA:31,42
DA:35,0
DA:36,0
DA:37,0
DA:40,0
DA:41,0
DA:42,0
DA:45,0
DA:46,0
DA:47,0
DA:50,0
DA:51,0
DA:53,0
DA:54,0
DA:55,0
LF:30
LH:9
end_of_record
SF:lib/screens/home_screen.dart
LF:0
LH:0
end_of_record
SF:lib/widgets/shopping_item_tile.dart
LF:0
LH:0
end_of_record
SF:lib/models/ai_config.dart
DA:4,71
DA:12,8
DA:13,8
DA:14,8
DA:16,8
DA:18,8
DA:20,8
DA:27,0
DA:31,0
DA:32,0
DA:33,0
LF:11
LH:7
end_of_record
SF:lib/models/ai_usage.dart
DA:2,6
DA:8,1
DA:9,1
DA:10,1
DA:11,1
DA:12,2
DA:16,1
DA:18,0
DA:20,1
DA:23,2
DA:24,0
DA:31,4
DA:32,8
DA:34,4
DA:35,8
DA:37,4
DA:38,8
DA:40,24
DA:41,0
DA:43,0
DA:48,0
DA:49,0
DA:50,0
DA:51,0
DA:55,1
DA:56,1
DA:57,1
DA:58,1
DA:59,2
DA:63,0
DA:64,0
DA:65,0
DA:66,0
DA:68,0
DA:69,0
DA:70,0
DA:71,0
DA:73,0
LF:38
LH:21
end_of_record
SF:lib/providers/ai_config_provider.dart
DA:9,8
DA:12,24
DA:13,8
DA:17,8
DA:18,8
DA:19,8
DA:20,0
DA:25,0
DA:26,0
DA:27,0
DA:28,0
DA:30,0
DA:34,0
DA:36,0
LF:14
LH:6
end_of_record
SF:lib/providers/ai_config_provider.g.dart
DA:9,8
DA:13,16
DA:14,8
LF:3
LH:3
end_of_record
SF:lib/providers/ai_usage_provider.dart
DA:9,6
DA:11,18
DA:12,6
DA:14,10
DA:16,1
DA:19,0
DA:20,0
DA:21,0
DA:22,0
DA:23,0
DA:24,0
DA:27,1
DA:28,2
DA:32,1
LF:14
LH:8
end_of_record
SF:lib/providers/ai_usage_provider.g.dart
DA:9,6
DA:13,12
DA:14,6
LF:3
LH:3
end_of_record
SF:lib/providers/app_review_service_provider.dart
DA:6,0
DA:7,0
DA:8,0
DA:9,0
LF:4
LH:0
end_of_record
SF:lib/services/app_review_service.dart
DA:6,0
DA:19,0
DA:20,0
DA:23,0
DA:27,0
DA:28,0
DA:30,0
DA:33,0
DA:34,0
DA:36,0
DA:37,0
DA:38,0
LF:12
LH:0
end_of_record
SF:lib/providers/auth_provider.g.dart
DA:9,4
DA:13,12
LF:2
LH:2
end_of_record
SF:lib/providers/auth_provider.dart
DA:8,4
DA:10,8
DA:11,3
LF:3
LH:3
end_of_record
SF:lib/providers/locale_provider.dart
DA:8,5
DA:11,15
DA:12,5
DA:13,0
DA:18,1
DA:19,3
DA:20,2
DA:21,2
DA:23,1
DA:24,0
DA:25,0
LF:11
LH:8
end_of_record
SF:lib/providers/locale_provider.g.dart
DA:9,5
DA:13,10
DA:14,5
LF:3
LH:3
end_of_record
SF:lib/screens/achievements_screen.dart
DA:7,22
DA:9,1
DA:11,2
DA:12,1
DA:14,1
DA:15,1
DA:16,1
DA:18,1
DA:19,1
DA:22,2
DA:27,1
DA:30,3
DA:35,1
DA:38,2
DA:43,1
DA:45,3
DA:48,1
DA:51,1
DA:52,1
DA:55,2
DA:58,1
DA:61,2
DA:64,1
DA:67,2
DA:70,1
DA:73,2
DA:83,1
DA:84,1
DA:85,1
DA:86,1
DA:88,1
DA:89,1
DA:90,1
DA:92,1
DA:93,1
DA:96,1
DA:99,1
DA:101,1
DA:102,3
DA:103,4
DA:114,1
DA:126,1
DA:128,1
DA:129,1
DA:130,1
DA:133,1
DA:134,4
DA:136,1
DA:137,3
DA:141,1
DA:142,1
DA:144,3
DA:148,1
DA:149,1
DA:150,1
DA:152,1
DA:153,1
LF:57
LH:57
end_of_record
SF:lib/screens/backup_screen.dart
DA:13,22
DA:15,2
DA:17,2
DA:18,2
DA:19,6
DA:22,1
DA:23,1
DA:24,1
DA:25,0
DA:26,0
DA:27,0
DA:30,0
DA:32,0
DA:38,2
DA:39,6
DA:40,2
DA:42,2
DA:43,2
DA:44,2
DA:45,2
DA:46,6
DA:47,4
DA:48,4
DA:49,2
DA:51,4
DA:53,0
DA:54,0
DA:56,0
DA:57,0
DA:58,0
DA:59,0
DA:62,0
DA:63,0
DA:64,0
DA:65,0
DA:73,2
DA:74,2
DA:75,6
DA:76,4
DA:77,4
DA:78,2
DA:80,4
DA:82,1
DA:83,1
DA:85,1
DA:87,0
DA:88,0
DA:90,0
DA:91,0
DA:92,0
DA:93,0
DA:96,0
DA:97,0
DA:98,0
DA:99,0
DA:115,21
DA:117,1
DA:118,1
DA:124,1
DA:126,2
DA:127,1
DA:130,1
DA:132,1
DA:133,1
DA:134,2
DA:135,1
DA:136,1
DA:138,1
DA:139,1
DA:142,1
DA:143,1
DA:144,2
DA:145,2
DA:147,1
DA:148,0
DA:149,2
LF:76
LH:50
end_of_record
SF:lib/widgets/premium_gate.dart
DA:7,1
DA:18,1
DA:20,1
DA:21,1
DA:22,1
DA:23,3
DA:24,1
DA:25,1
DA:27,1
DA:29,1
DA:30,1
DA:33,3
DA:34,2
DA:39,1
DA:40,1
DA:41,2
DA:43,2
DA:46,1
DA:54,1
DA:55,1
DA:56,3
DA:57,2
DA:59,2
DA:64,1
DA:65,1
DA:67,2
DA:68,2
DA:71,1
LF:28
LH:28
end_of_record
SF:lib/screens/budget_dashboard_screen.dart
DA:11,22
DA:15,2
DA:17,2
DA:18,2
DA:20,2
DA:21,2
DA:22,6
DA:23,6
DA:27,3
DA:28,2
DA:29,2
DA:30,1
DA:31,3
DA:34,1
DA:35,1
DA:36,2
DA:38,1
DA:39,1
DA:40,1
DA:41,3
DA:44,1
DA:47,2
DA:48,2
DA:49,3
DA:50,5
DA:51,1
DA:55,1
DA:56,3
DA:59,2
DA:60,5
DA:62,1
DA:64,1
DA:65,1
DA:66,1
DA:68,1
DA:69,1
DA:70,1
DA:71,1
DA:72,2
DA:75,1
DA:76,2
DA:77,3
DA:79,2
DA:87,1
DA:89,1
DA:90,1
DA:91,2
DA:92,3
DA:93,1
DA:94,1
DA:95,2
DA:97,3
DA:104,1
DA:111,1
DA:112,1
DA:113,3
DA:116,2
DA:117,3
DA:118,1
DA:119,1
DA:120,3
DA:121,4
DA:123,2
DA:124,1
DA:125,1
DA:126,2
DA:127,4
DA:129,1
DA:132,1
DA:133,1
DA:134,3
DA:135,3
DA:137,1
DA:138,2
DA:139,2
DA:148,1
DA:149,0
LF:77
LH:76
end_of_record
SF:lib/screens/chat_history_screen.dart
DA:10,21
DA:12,0
DA:13,0
DA:22,0
DA:24,0
DA:25,0
DA:28,0
DA:30,0
DA:31,0
DA:34,0
DA:36,0
DA:37,0
DA:39,0
DA:42,0
DA:43,0
DA:44,0
DA:48,0
DA:49,0
DA:50,0
DA:51,0
DA:55,0
DA:56,0
DA:57,0
DA:58,0
DA:61,0
DA:62,0
DA:63,0
DA:64,0
DA:65,0
DA:71,0
DA:72,0
DA:75,0
DA:76,0
DA:79,0
DA:81,0
DA:82,0
DA:83,0
DA:86,0
DA:87,0
DA:91,0
DA:92,0
DA:93,0
DA:94,0
DA:97,0
DA:98,0
DA:100,0
DA:101,0
DA:105,0
DA:106,0
DA:107,0
DA:109,0
DA:110,0
DA:111,0
DA:113,0
DA:114,0
DA:115,0
DA:118,0
DA:119,0
DA:121,0
DA:122,0
DA:123,0
DA:124,0
DA:129,0
DA:130,0
DA:134,0
DA:135,0
DA:136,0
DA:141,0
DA:142,0
DA:144,0
DA:145,0
DA:146,0
DA:150,0
DA:151,0
DA:155,0
DA:156,0
DA:157,0
DA:158,0
DA:159,0
DA:161,0
DA:162,0
DA:165,0
DA:167,0
DA:169,0
DA:171,0
DA:173,0
DA:175,0
DA:178,0
DA:180,0
DA:181,0
DA:182,0
DA:185,0
DA:186,0
DA:188,0
DA:191,0
DA:192,0
DA:194,0
DA:195,0
DA:196,0
DA:204,0
DA:205,0
DA:207,0
DA:208,0
DA:210,0
DA:213,0
DA:215,0
DA:217,0
DA:219,0
DA:220,0
DA:222,0
DA:223,0
DA:227,0
DA:230,0
DA:231,0
DA:234,0
DA:235,0
DA:236,0
DA:237,0
DA:243,0
DA:244,0
DA:245,0
DA:251,0
LF:122
LH:1
end_of_record
SF:lib/screens/chat_screen.dart
DA:12,1
DA:17,1
DA:19,1
DA:20,2
DA:22,1
DA:23,1
DA:25,0
DA:26,0
DA:27,0
DA:28,0
DA:30,0
DA:35,1
DA:36,1
DA:37,3
DA:38,1
DA:39,1
DA:41,1
DA:42,1
DA:44,2
DA:45,2
DA:46,2
DA:47,1
DA:48,1
DA:49,0
DA:50,2
DA:52,1
DA:53,1
DA:54,5
DA:55,1
DA:57,2
DA:66,1
DA:67,1
DA:68,1
DA:72,2
DA:73,4
DA:76,0
DA:77,0
DA:78,0
LF:38
LH:29
end_of_record
SF:lib/widgets/ai_chat_panel.dart
DA:43,6
DA:58,6
DA:59,6
DA:75,6
DA:77,6
DA:78,18
DA:81,1
DA:82,1
DA:83,3
DA:84,2
DA:85,0
DA:86,0
DA:89,0
DA:90,0
DA:91,0
DA:92,0
DA:93,0
DA:95,0
DA:101,0
DA:102,0
DA:103,0
DA:104,0
DA:109,1
DA:110,2
DA:111,7
DA:112,2
DA:113,0
DA:117,7
DA:118,2
DA:119,1
DA:124,5
DA:126,15
DA:127,10
DA:128,10
DA:129,10
DA:130,5
DA:133,4
DA:134,12
DA:135,24
DA:138,0
DA:140,8
DA:141,12
DA:142,4
DA:149,2
DA:150,6
DA:151,4
DA:152,2
DA:156,4
DA:157,4
DA:160,10
DA:167,6
DA:168,0
DA:169,0
DA:170,0
DA:171,0
DA:177,1
DA:178,3
DA:179,2
DA:183,5
DA:184,4
DA:187,2
DA:189,2
DA:190,1
DA:191,1
DA:193,2
DA:198,0
DA:199,0
DA:204,0
DA:205,0
DA:206,0
DA:207,0
DA:208,0
DA:209,0
DA:212,0
DA:213,0
DA:214,0
DA:215,0
DA:218,0
DA:219,0
DA:222,0
DA:223,0
DA:230,7
DA:232,0
DA:235,1
DA:237,1
DA:238,3
DA:243,6
DA:245,6
DA:246,6
DA:247,24
DA:248,18
DA:249,6
DA:250,18
DA:251,14
DA:252,12
DA:254,30
DA:255,12
DA:257,12
DA:258,30
DA:260,12
DA:261,6
DA:262,36
DA:263,36
DA:264,36
DA:266,18
DA:268,6
DA:269,6
DA:270,6
DA:271,6
DA:272,6
DA:273,6
DA:274,6
DA:275,6
DA:276,6
DA:277,12
DA:280,7
DA:281,1
DA:283,6
DA:284,5
DA:285,5
DA:286,5
DA:288,5
DA:289,15
DA:295,10
DA:296,5
DA:297,0
DA:298,0
DA:299,0
DA:300,0
DA:301,0
DA:305,5
DA:306,0
DA:308,0
DA:309,0
DA:311,0
DA:314,0
DA:316,0
DA:317,0
DA:318,0
DA:319,0
DA:323,0
DA:324,0
DA:327,0
DA:330,5
DA:331,0
DA:333,0
DA:334,0
DA:335,0
DA:337,0
DA:339,0
DA:340,0
DA:346,5
DA:347,5
DA:350,5
DA:352,5
DA:353,15
DA:354,5
DA:356,10
DA:357,20
DA:362,5
DA:363,5
DA:364,15
DA:366,15
DA:370,5
DA:371,5
DA:373,5
DA:374,5
DA:376,15
DA:377,10
DA:381,14
DA:383,4
DA:385,4
DA:386,12
DA:387,4
DA:388,16
DA:390,4
DA:391,12
DA:392,12
DA:393,8
DA:399,10
DA:401,5
DA:403,5
DA:405,5
DA:407,15
DA:408,15
DA:415,5
DA:417,5
DA:418,20
DA:421,5
DA:422,5
DA:423,20
DA:425,10
DA:426,5
DA:427,5
DA:428,0
DA:429,0
DA:431,5
DA:432,5
DA:434,5
DA:435,5
DA:436,20
DA:438,5
DA:439,5
DA:440,5
DA:441,15
DA:446,20
DA:451,5
DA:461,20
DA:462,8
DA:463,12
DA:466,4
DA:467,4
DA:469,12
DA:470,4
DA:471,4
DA:472,4
DA:473,4
DA:474,12
DA:480,8
DA:481,4
DA:482,3
DA:483,2
DA:484,1
DA:485,0
DA:486,0
DA:490,4
DA:491,1
DA:493,1
DA:494,1
DA:496,1
DA:499,1
DA:501,3
DA:502,1
DA:503,1
DA:504,2
DA:508,1
DA:509,1
DA:512,4
DA:515,7
DA:516,1
DA:518,1
DA:519,1
DA:520,3
DA:522,1
DA:524,3
DA:525,2
DA:531,8
DA:532,0
DA:535,0
DA:536,0
DA:537,0
DA:538,0
DA:539,0
DA:542,0
DA:543,0
DA:549,0
DA:550,0
DA:552,0
DA:553,0
DA:566,4
DA:567,8
DA:568,4
DA:569,12
DA:570,18
DA:574,9
DA:575,0
DA:578,10
DA:580,9
DA:581,0
DA:583,4
DA:584,8
DA:585,4
DA:587,4
DA:588,4
DA:590,8
DA:593,8
DA:594,8
DA:595,8
DA:597,4
DA:598,11
DA:604,8
DA:605,3
DA:606,6
DA:608,3
DA:609,3
DA:611,3
DA:613,3
DA:614,3
DA:616,9
DA:617,9
DA:622,3
DA:625,21
DA:626,3
DA:627,3
DA:628,3
DA:630,1
DA:631,2
DA:632,1
DA:634,3
DA:635,3
DA:637,6
DA:639,3
DA:644,6
DA:646,3
DA:654,0
DA:662,12
DA:663,0
DA:664,0
DA:666,0
DA:668,0
DA:669,0
DA:671,0
DA:674,0
DA:677,0
DA:680,0
DA:687,6
DA:688,0
DA:691,0
DA:692,0
DA:693,0
DA:694,0
DA:696,0
DA:702,5
DA:703,6
DA:706,6
DA:707,1
DA:712,4
DA:713,8
DA:714,4
DA:718,0
DA:720,0
DA:721,0
DA:722,0
DA:725,0
DA:733,12
DA:734,3
DA:736,3
DA:738,3
DA:739,12
DA:741,3
DA:742,3
DA:743,9
DA:746,6
DA:754,6
DA:755,6
DA:756,6
DA:757,6
DA:758,18
DA:759,6
DA:761,6
DA:762,6
DA:763,6
DA:765,18
DA:768,6
DA:769,6
DA:771,6
DA:772,6
DA:778,6
DA:790,6
DA:791,6
DA:794,6
DA:795,12
DA:796,6
DA:798,6
DA:800,6
DA:803,6
DA:804,6
DA:805,6
DA:807,18
DA:811,6
DA:813,6
DA:815,12
DA:816,12
DA:817,6
DA:819,6
DA:820,24
DA:822,6
DA:826,12
DA:829,6
DA:831,6
DA:833,18
DA:848,5
DA:849,5
DA:850,5
DA:853,5
DA:854,5
DA:856,15
DA:865,5
DA:866,0
DA:867,5
DA:870,5
DA:871,5
DA:872,5
DA:873,15
DA:874,15
DA:877,5
DA:878,20
DA:880,5
DA:882,0
DA:883,0
DA:884,0
DA:892,6
DA:893,24
DA:894,6
DA:896,6
DA:897,6
DA:899,6
DA:901,6
DA:902,18
DA:904,6
DA:905,6
DA:906,6
DA:907,6
DA:908,0
DA:909,0
DA:912,6
DA:916,6
DA:918,6
DA:919,12
DA:920,6
DA:921,6
DA:922,6
DA:928,6
DA:929,6
DA:931,6
DA:932,6
DA:933,6
DA:934,6
DA:935,6
DA:936,12
DA:937,6
DA:938,6
DA:941,6
DA:942,12
DA:943,6
DA:944,6
DA:948,12
DA:950,6
DA:951,18
DA:952,24
DA:954,6
DA:957,18
DA:958,6
DA:960,12
DA:963,12
DA:967,6
DA:973,6
DA:974,6
DA:975,6
DA:976,18
DA:977,6
DA:978,12
DA:979,6
DA:980,0
DA:983,0
DA:984,0
DA:988,2
DA:994,2
DA:996,6
DA:997,0
DA:1000,0
DA:1002,6
DA:1004,9
DA:1009,1
DA:1011,2
DA:1012,1
DA:1015,1
DA:1017,0
DA:1018,0
DA:1020,0
DA:1026,1
DA:1028,5
DA:1043,1
DA:1048,4
DA:1049,1
DA:1051,1
DA:1052,1
DA:1053,1
DA:1054,1
DA:1055,1
DA:1056,1
DA:1058,1
DA:1060,1
DA:1061,1
DA:1063,1
DA:1064,1
DA:1072,3
DA:1073,2
DA:1093,1
DA:1096,0
DA:1097,0
DA:1107,1
DA:1117,1
DA:1119,1
DA:1120,1
DA:1122,1
DA:1123,5
DA:1126,1
DA:1127,1
DA:1132,1
DA:1134,1
DA:1135,7
DA:1138,1
DA:1157,6
DA:1177,6
DA:1179,18
DA:1180,12
DA:1182,2
DA:1184,6
DA:1186,6
DA:1187,6
DA:1188,6
DA:1189,6
DA:1190,24
DA:1192,6
DA:1193,12
DA:1194,24
DA:1196,18
DA:1200,14
DA:1201,4
DA:1203,4
DA:1204,4
DA:1206,16
DA:1208,12
DA:1212,4
DA:1215,4
DA:1216,4
DA:1217,4
DA:1219,12
DA:1220,4
DA:1226,6
DA:1227,6
DA:1228,6
DA:1229,6
DA:1231,27
DA:1233,6
DA:1247,6
DA:1257,6
DA:1259,6
DA:1260,6
DA:1261,30
DA:1262,24
DA:1263,6
DA:1264,0
DA:1265,0
DA:1267,6
DA:1268,18
DA:1269,0
DA:1271,12
DA:1277,3
DA:1285,3
DA:1287,3
DA:1288,3
DA:1289,3
DA:1290,3
DA:1291,9
DA:1292,6
DA:1296,1
DA:1297,2
DA:1298,2
DA:1300,9
DA:1301,12
DA:1302,6
DA:1309,4
DA:1325,4
DA:1326,4
DA:1334,4
DA:1336,4
DA:1337,4
DA:1340,0
DA:1341,0
DA:1342,0
DA:1343,0
DA:1347,0
DA:1348,0
DA:1349,0
DA:1350,0
DA:1351,0
DA:1352,0
DA:1359,0
DA:1360,0
DA:1363,0
DA:1364,0
DA:1365,0
DA:1366,0
DA:1369,0
DA:1370,0
DA:1375,4
DA:1377,16
DA:1378,4
DA:1379,4
DA:1380,16
DA:1381,12
DA:1382,52
DA:1383,12
DA:1384,4
DA:1385,24
DA:1386,24
DA:1387,24
DA:1388,8
DA:1389,12
DA:1392,0
DA:1393,12
DA:1395,0
DA:1396,0
DA:1397,0
DA:1398,0
DA:1399,0
DA:1402,8
DA:1403,0
DA:1404,0
DA:1405,0
DA:1406,0
DA:1410,0
DA:1411,0
DA:1414,4
DA:1417,10
DA:1418,12
DA:1421,4
DA:1422,12
DA:1423,4
DA:1425,4
DA:1426,4
DA:1429,4
DA:1430,3
DA:1431,6
DA:1432,3
DA:1434,3
DA:1436,6
DA:1437,12
DA:1441,0
DA:1443,4
DA:1444,12
DA:1445,0
DA:1446,0
DA:1447,0
DA:1448,0
DA:1449,0
DA:1452,4
DA:1453,0
DA:1454,0
DA:1455,0
DA:1457,4
DA:1459,4
DA:1460,4
DA:1462,4
DA:1463,16
DA:1465,4
DA:1466,12
DA:1467,2
DA:1469,8
DA:1470,6
DA:1473,3
DA:1474,9
DA:1478,4
DA:1481,4
DA:1482,25
DA:1483,1
DA:1484,3
DA:1485,3
DA:1486,2
DA:1490,12
DA:1491,0
DA:1493,0
DA:1494,0
DA:1495,0
DA:1496,0
DA:1499,0
DA:1501,0
DA:1504,0
DA:1509,0
DA:1512,0
DA:1514,0
DA:1515,0
DA:1516,0
DA:1517,0
DA:1521,0
DA:1528,0
DA:1529,0
DA:1530,0
DA:1531,0
DA:1535,0
DA:1536,0
DA:1540,0
DA:1541,0
DA:1542,0
DA:1543,0
DA:1547,0
DA:1551,16
DA:1552,0
DA:1554,0
DA:1556,0
DA:1557,0
DA:1559,0
DA:1560,0
DA:1561,0
DA:1562,0
DA:1570,4
DA:1571,16
DA:1573,4
DA:1575,0
DA:1578,12
DA:1582,10
DA:1584,1
DA:1586,3
DA:1587,3
DA:1591,1
DA:1592,1
DA:1593,2
DA:1594,7
DA:1597,2
DA:1598,1
DA:1599,2
DA:1600,2
DA:1603,3
DA:1609,4
DA:1610,4
DA:1612,4
DA:1613,4
DA:1615,12
DA:1618,12
DA:1619,9
DA:1622,24
DA:1624,3
DA:1625,0
DA:1626,0
DA:1627,0
DA:1629,3
DA:1632,9
DA:1638,1
DA:1640,1
DA:1641,1
DA:1643,1
DA:1645,1
DA:1646,2
DA:1647,10
DA:1648,3
DA:1649,1
DA:1650,1
DA:1651,2
DA:1652,1
DA:1653,2
DA:1654,1
DA:1655,1
DA:1656,0
DA:1657,0
DA:1658,0
DA:1660,0
DA:1669,1
DA:1672,1
DA:1673,0
DA:1675,0
DA:1677,0
DA:1678,0
DA:1679,0
DA:1680,0
DA:1681,0
DA:1683,0
DA:1687,0
DA:1695,3
DA:1698,3
DA:1701,9
DA:1702,9
DA:1703,6
DA:1704,3
DA:1710,4
DA:1711,8
DA:1712,4
DA:1714,4
DA:1716,8
DA:1717,3
DA:1718,1
DA:1719,4
DA:1720,8
DA:1721,4
DA:1724,8
DA:1731,0
DA:1735,30
DA:1736,3
DA:1738,3
DA:1739,3
DA:1740,3
DA:1741,12
DA:1742,12
DA:1743,0
DA:1744,0
DA:1745,0
DA:1746,0
DA:1747,0
DA:1752,3
DA:1753,15
DA:1754,15
DA:1755,0
DA:1756,0
DA:1757,0
DA:1758,0
DA:1759,0
DA:1763,9
DA:1765,3
DA:1766,0
DA:1767,0
DA:1768,0
DA:1772,3
DA:1776,6
DA:1788,4
DA:1797,4
DA:1798,16
DA:1799,12
DA:1800,4
DA:1803,8
DA:1804,12
DA:1806,12
DA:1807,12
DA:1808,12
DA:1809,12
DA:1810,12
DA:1811,12
DA:1812,12
DA:1813,12
DA:1814,12
DA:1815,16
DA:1816,12
DA:1817,4
DA:1818,12
DA:1819,4
DA:1821,4
DA:1822,4
DA:1823,16
DA:1827,4
DA:1830,4
DA:1831,4
DA:1833,0
DA:1835,0
DA:1836,0
DA:1837,0
DA:1844,6
DA:1845,3
DA:1846,3
DA:1847,6
DA:1848,3
DA:1851,3
DA:1854,3
DA:1855,3
DA:1857,0
DA:1859,0
DA:1860,0
DA:1861,0
DA:1869,0
DA:1870,0
DA:1871,0
DA:1872,0
DA:1873,0
DA:1874,0
DA:1880,0
DA:1884,4
DA:1888,0
DA:1891,0
DA:1892,0
DA:1893,0
DA:1894,0
DA:1898,0
DA:1901,0
DA:1904,0
DA:1906,0
DA:1908,0
DA:1909,0
DA:1910,0
DA:1912,0
DA:1913,0
DA:1923,0
DA:1926,0
DA:1927,0
DA:1930,0
DA:1932,0
DA:1933,0
DA:1934,0
DA:1946,21
DA:1948,0
DA:1950,0
DA:1951,0
DA:1952,0
DA:1955,0
DA:1956,0
DA:1959,0
DA:1960,0
DA:1962,0
DA:1965,0
DA:1967,0
DA:1973,0
DA:1982,0
DA:1984,0
DA:1985,0
DA:1987,0
DA:1990,0
DA:1991,0
DA:1999,0
DA:2001,0
DA:2002,0
DA:2003,0
DA:2005,0
DA:2006,0
DA:2007,0
DA:2008,0
DA:2014,0
DA:2020,0
DA:2026,5
DA:2029,5
DA:2031,5
DA:2032,5
DA:2035,5
DA:2036,5
DA:2038,5
DA:2039,5
DA:2040,10
DA:2046,20
DA:2049,5
DA:2051,5
DA:2052,10
DA:2053,5
DA:2060,3
DA:2070,3
DA:2072,3
DA:2073,3
DA:2074,3
DA:2075,3
DA:2077,3
DA:2078,3
DA:2079,3
DA:2081,3
DA:2082,3
DA:2084,12
DA:2092,27
DA:2103,6
DA:2104,6
DA:2105,18
DA:2108,18
DA:2109,18
DA:2110,6
DA:2112,12
DA:2113,6
DA:2125,24
DA:2127,0
DA:2132,0
DA:2138,12
DA:2139,6
DA:2140,6
DA:2145,14
DA:2146,0
DA:2147,0
DA:2154,10
DA:2155,0
DA:2156,0
DA:2163,14
DA:2164,0
DA:2171,14
DA:2172,0
DA:2179,12
DA:2180,6
DA:2181,6
DA:2185,6
DA:2187,12
DA:2188,12
DA:2189,6
DA:2190,6
DA:2195,6
DA:2196,12
DA:2197,12
DA:2200,18
DA:2204,1
DA:2216,1
DA:2217,1
DA:2223,1
DA:2224,3
DA:2225,1
DA:2226,3
DA:2227,2
DA:2228,1
DA:2229,3
DA:2235,1
DA:2237,1
DA:2238,1
DA:2239,4
DA:2240,3
DA:2241,1
DA:2243,2
DA:2244,1
DA:2245,2
DA:2246,1
DA:2247,1
DA:2248,1
DA:2252,3
DA:2254,4
DA:2257,0
DA:2258,0
DA:2259,0
DA:2260,0
DA:2261,0
DA:2263,0
DA:2266,0
DA:2268,0
DA:2273,1
DA:2283,1
DA:2285,1
DA:2288,3
DA:2289,2
DA:2292,1
DA:2296,1
DA:2297,0
DA:2298,0
DA:2299,0
DA:2302,1
DA:2305,1
DA:2306,4
DA:2308,5
DA:2311,1
DA:2313,1
DA:2315,1
DA:2316,1
DA:2317,2
DA:2319,4
DA:2320,2
DA:2330,1
DA:2334,2
DA:2335,1
DA:2336,1
DA:2348,1
DA:2355,1
DA:2356,1
DA:2362,1
DA:2364,1
DA:2365,2
DA:2366,1
DA:2367,1
DA:2368,2
DA:2369,0
DA:2370,0
DA:2371,0
DA:2377,1
DA:2378,1
DA:2381,3
DA:2384,1
DA:2385,1
DA:2388,1
DA:2390,3
DA:2394,1
DA:2395,1
DA:2398,2
DA:2401,1
DA:2402,1
DA:2405,2
DA:2408,1
DA:2409,1
DA:2412,3
DA:2418,3
DA:2420,1
DA:2421,1
DA:2422,1
DA:2423,3
DA:2424,5
DA:2427,1
DA:2429,1
DA:2430,2
DA:2431,1
DA:2432,1
DA:2433,3
DA:2436,1
DA:2438,1
DA:2439,1
DA:2440,1
DA:2441,1
DA:2442,2
DA:2443,2
DA:2444,2
DA:2448,1
DA:2449,1
DA:2451,1
DA:2452,1
DA:2455,1
DA:2456,1
DA:2457,1
DA:2461,2
DA:2463,1
DA:2464,1
DA:2466,3
DA:2473,2
DA:2474,1
DA:2480,1
DA:2481,1
DA:2486,1
DA:2488,2
DA:2489,0
DA:2490,0
DA:2491,0
DA:2493,0
DA:2495,0
DA:2499,1
DA:2501,2
DA:2502,1
DA:2503,4
DA:2504,2
DA:2505,4
DA:2506,0
DA:2507,1
DA:2508,2
DA:2510,1
DA:2511,3
DA:2513,1
DA:2514,1
DA:2515,4
DA:2516,3
DA:2518,2
DA:2525,0
DA:2527,0
DA:2529,0
DA:2530,0
DA:2531,0
DA:2532,0
DA:2534,0
DA:2535,0
DA:2536,0
DA:2541,0
DA:2543,0
DA:2544,0
DA:2545,0
DA:2546,0
DA:2547,0
DA:2548,0
DA:2549,0
DA:2551,0
DA:2552,0
DA:2553,0
DA:2559,1
DA:2563,1
DA:2565,1
LF:1134
LH:801
end_of_record
SF:lib/widgets/quick_add_bar.dart
DA:18,8
DA:22,8
DA:23,8
DA:32,8
DA:34,8
DA:35,16
DA:38,7
DA:40,14
DA:41,7
DA:44,0
DA:45,0
DA:46,0
DA:48,0
DA:51,0
DA:52,0
DA:53,0
DA:57,0
DA:58,0
DA:59,0
DA:60,0
DA:61,0
DA:62,0
DA:63,0
DA:64,0
DA:65,0
DA:69,0
DA:70,0
DA:71,0
DA:76,0
DA:77,0
DA:80,0
DA:81,0
DA:82,0
DA:83,0
DA:84,0
DA:88,0
DA:93,0
DA:94,0
DA:98,1
DA:99,2
DA:100,2
DA:104,3
DA:105,2
DA:108,7
DA:109,2
DA:115,1
DA:116,2
DA:118,1
DA:119,3
DA:124,8
DA:126,8
DA:127,8
DA:128,16
DA:130,8
DA:131,8
DA:135,32
DA:138,8
DA:140,8
DA:141,8
DA:142,8
DA:143,8
DA:148,8
DA:150,0
DA:151,24
DA:155,8
DA:157,8
DA:158,1
DA:159,2
DA:162,2
DA:163,4
DA:166,8
DA:167,8
DA:168,8
DA:170,8
DA:171,8
DA:174,8
DA:175,8
DA:176,8
DA:179,26
DA:181,8
DA:183,8
DA:184,8
DA:185,0
DA:189,0
DA:191,0
DA:192,0
DA:195,0
DA:196,0
DA:197,0
DA:199,0
DA:200,0
DA:201,0
DA:204,0
DA:209,0
DA:215,8
DA:218,0
DA:220,8
DA:221,8
DA:222,24
DA:223,0
DA:224,8
DA:232,0
DA:233,8
DA:236,8
DA:237,2
DA:239,4
DA:242,8
DA:245,8
DA:246,10
DA:247,8
DA:251,8
DA:252,24
DA:254,16
DA:255,8
DA:256,24
DA:262,8
DA:263,8
DA:279,32
DA:284,8
DA:296,8
DA:298,24
DA:300,8
DA:301,0
DA:302,0
DA:303,0
DA:306,0
DA:307,0
DA:308,0
DA:311,8
DA:313,8
DA:322,21
DA:324,0
DA:325,0
DA:332,0
DA:334,0
DA:335,0
DA:338,0
DA:340,0
DA:341,0
DA:346,0
DA:347,0
DA:348,0
DA:350,0
DA:352,0
DA:357,0
DA:359,0
DA:364,0
DA:365,0
DA:366,0
DA:367,0
DA:368,0
DA:371,0
DA:372,0
DA:373,0
DA:374,0
DA:375,0
LF:156
LH:80
end_of_record
SF:lib/widgets/empty_state.dart
LF:0
LH:0
end_of_record
SF:lib/widgets/budget_dialog.dart
DA:9,1
DA:13,1
DA:14,1
DA:20,1
DA:22,1
DA:23,2
DA:24,4
DA:28,1
DA:30,2
DA:31,1
DA:34,1
DA:36,1
DA:37,1
DA:38,2
DA:39,1
DA:41,1
DA:42,1
DA:43,1
DA:44,1
DA:50,1
DA:51,3
DA:52,1
DA:53,1
DA:54,5
DA:55,4
DA:57,1
DA:59,1
DA:60,1
DA:61,4
DA:64,3
DA:65,1
DA:66,1
DA:67,3
DA:68,1
DA:69,5
DA:70,4
DA:72,1
DA:75,2
LF:38
LH:38
end_of_record
SF:lib/widgets/filter_bar.dart
LF:0
LH:0
end_of_record
SF:lib/screens/settings_screen.dart
DA:26,22
DA:28,2
DA:30,2
DA:31,2
DA:32,4
DA:33,2
DA:34,4
DA:35,4
DA:36,6
DA:37,4
DA:38,2
DA:41,2
DA:42,6
DA:43,2
DA:44,2
DA:45,2
DA:46,2
DA:47,2
DA:48,2
DA:50,2
DA:51,4
DA:52,6
DA:53,1
DA:55,3
DA:56,3
DA:57,0
DA:58,0
DA:59,0
DA:60,0
DA:66,1
DA:67,3
DA:68,2
DA:69,1
DA:70,3
DA:71,0
DA:72,0
DA:73,0
DA:74,0
DA:76,0
DA:81,1
DA:85,0
DA:88,0
DA:92,4
DA:93,2
DA:95,2
DA:96,2
DA:97,2
DA:100,4
DA:102,2
DA:105,4
DA:107,2
DA:110,4
DA:113,2
DA:114,1
DA:115,5
DA:120,2
DA:121,6
DA:122,4
DA:123,2
DA:124,2
DA:125,10
DA:126,2
DA:128,6
DA:129,1
DA:130,1
DA:132,1
DA:136,2
DA:137,8
DA:138,2
DA:139,4
DA:140,4
DA:141,6
DA:142,4
DA:143,0
DA:144,0
DA:146,0
DA:148,0
DA:149,0
DA:150,0
DA:152,0
DA:158,2
DA:159,6
DA:160,2
DA:161,2
DA:162,6
DA:163,0
DA:164,0
DA:166,0
DA:172,4
DA:173,2
DA:175,2
DA:176,2
DA:177,2
DA:180,4
DA:193,2
DA:194,1
DA:195,5
DA:201,4
DA:202,2
DA:203,6
DA:204,4
DA:205,4
DA:206,6
DA:207,1
DA:208,1
DA:210,1
DA:212,1
DA:215,4
DA:216,1
DA:217,1
DA:219,1
DA:226,4
DA:227,2
DA:228,6
DA:229,4
DA:230,4
DA:231,6
DA:232,1
DA:233,1
DA:235,1
DA:237,1
DA:240,4
DA:241,1
DA:242,1
DA:244,1
DA:250,2
DA:251,6
DA:254,6
DA:255,0
DA:256,0
DA:258,0
DA:263,4
DA:264,2
DA:265,6
DA:266,4
DA:267,6
DA:269,2
DA:270,6
DA:271,4
DA:272,6
DA:273,0
DA:274,0
DA:275,0
DA:280,2
DA:281,6
DA:282,4
DA:283,6
DA:284,0
DA:285,0
DA:286,0
DA:296,0
DA:297,0
DA:298,0
DA:300,0
DA:302,0
DA:303,0
DA:304,0
DA:305,0
DA:306,0
DA:314,0
DA:315,0
DA:316,0
DA:317,0
DA:320,0
DA:321,0
DA:323,0
DA:330,0
DA:332,0
DA:335,0
DA:337,0
DA:338,0
DA:339,0
DA:340,0
DA:341,0
DA:345,0
DA:346,0
DA:348,0
DA:350,0
DA:352,0
DA:357,0
DA:360,0
DA:363,0
DA:364,0
DA:368,0
DA:373,0
DA:374,0
DA:375,0
DA:376,0
DA:378,0
DA:380,0
DA:381,0
DA:382,0
DA:383,0
DA:385,0
DA:389,0
DA:390,0
DA:392,0
DA:393,0
DA:394,0
DA:395,0
DA:401,0
DA:413,2
DA:417,2
DA:419,2
DA:420,2
DA:422,2
DA:423,2
DA:424,6
DA:425,4
LF:209
LH:128
end_of_record
SF:lib/widgets/list_switcher_sheet.dart
LF:0
LH:0
end_of_record
SF:lib/widgets/add_item_dialog.dart
LF:0
LH:0
end_of_record
SF:lib/screens/manage_categories_screen.dart
DA:9,21
DA:11,0
DA:13,0
DA:15,0
DA:16,0
DA:19,0
DA:20,0
DA:21,0
DA:22,0
DA:24,0
DA:25,0
DA:31,0
DA:32,0
DA:33,0
DA:34,0
DA:36,0
DA:37,0
DA:38,0
DA:45,0
DA:46,0
DA:48,0
DA:55,0
DA:59,0
DA:61,0
DA:65,0
DA:66,0
DA:67,0
DA:68,0
DA:69,0
DA:71,0
DA:72,0
DA:73,0
DA:75,0
DA:76,0
DA:77,0
DA:78,0
DA:79,0
DA:80,0
DA:81,0
DA:82,0
DA:84,0
DA:85,0
DA:86,0
DA:88,0
DA:89,0
DA:90,0
DA:92,0
DA:94,0
DA:96,0
DA:98,0
DA:106,0
DA:107,0
DA:108,0
DA:110,0
DA:115,0
DA:116,0
DA:118,0
DA:120,0
DA:121,0
DA:122,0
DA:123,0
DA:124,0
DA:125,0
DA:132,0
DA:133,0
LF:65
LH:1
end_of_record
SF:lib/widgets/add_edit_category_dialog.dart
DA:8,21
DA:12,0
DA:13,0
DA:22,0
DA:37,0
DA:58,0
DA:60,0
DA:61,0
DA:62,0
DA:63,0
DA:66,0
DA:68,0
DA:69,0
DA:72,0
DA:74,0
DA:75,0
DA:76,0
DA:77,0
DA:80,0
DA:81,0
DA:82,0
DA:87,0
DA:92,0
DA:95,0
DA:96,0
DA:97,0
DA:98,0
DA:99,0
DA:102,0
DA:106,0
DA:109,0
DA:117,0
DA:122,0
DA:125,0
DA:126,0
DA:127,0
DA:128,0
DA:129,0
DA:132,0
DA:133,0
DA:134,0
DA:135,0
DA:137,0
DA:140,0
DA:145,0
DA:146,0
DA:147,0
DA:150,0
DA:151,0
DA:152,0
DA:160,0
DA:161,0
DA:162,0
DA:166,0
DA:168,0
DA:169,0
DA:171,0
DA:172,0
DA:173,0
DA:174,0
DA:176,0
DA:177,0
DA:179,0
DA:181,0
DA:182,0
DA:185,0
DA:186,0
LF:67
LH:1
end_of_record
SF:lib/screens/theme_selection_screen.dart
DA:11,21
DA:13,1
DA:15,2
DA:16,1
DA:17,3
DA:19,1
DA:20,1
DA:23,1
DA:30,1
DA:31,1
DA:32,1
DA:33,1
DA:34,4
DA:36,1
DA:37,0
DA:38,0
DA:39,0
DA:42,0
DA:44,1
DA:45,1
DA:46,1
DA:47,1
DA:48,1
DA:50,1
DA:52,3
DA:54,1
DA:55,1
DA:56,1
DA:62,1
DA:64,3
DA:68,1
DA:69,1
DA:72,3
LF:33
LH:29
end_of_record
SF:lib/widgets/styled_autocomplete.dart
DA:5,10
DA:23,10
DA:25,10
DA:27,10
DA:28,10
DA:29,10
DA:30,10
DA:31,10
DA:32,0
DA:33,0
DA:34,0
DA:38,0
DA:40,0
DA:42,0
DA:43,0
DA:45,0
DA:50,0
DA:51,0
DA:52,0
DA:53,0
DA:54,0
DA:55,0
DA:58,0
DA:62,0
DA:63,0
DA:68,0
DA:70,0
DA:71,0
DA:72,0
DA:73,0
DA:74,0
DA:76,0
DA:79,0
DA:84,0
DA:85,0
DA:86,0
DA:89,0
DA:92,0
DA:93,0
DA:95,0
DA:96,0
LF:41
LH:8
end_of_record
SF:lib/widgets/animated_typing_dots.dart
DA:6,21
DA:8,0
DA:10,0
DA:11,0
DA:13,0
DA:14,0
DA:16,0
DA:17,0
DA:21,0
DA:25,0
DA:28,0
DA:29,0
DA:31,0
DA:34,0
LF:14
LH:1
end_of_record
SF:lib/widgets/artifact_widgets/artifact_card_shell.dart
DA:14,1
DA:25,1
DA:26,1
DA:32,1
DA:34,1
DA:37,1
DA:38,1
DA:41,1
DA:47,1
DA:50,3
DA:51,1
DA:52,1
DA:53,6
DA:54,3
DA:58,6
DA:59,1
DA:61,4
DA:62,1
DA:63,3
DA:64,4
DA:66,2
DA:68,1
DA:70,1
DA:71,2
DA:72,1
DA:74,1
DA:77,1
DA:79,1
DA:81,1
DA:82,1
DA:83,3
DA:87,1
DA:88,1
DA:90,1
DA:91,1
DA:92,3
DA:93,3
DA:95,2
DA:98,4
DA:100,1
DA:101,3
DA:102,3
DA:103,2
DA:111,1
DA:116,1
DA:117,2
DA:118,1
DA:120,1
DA:122,1
DA:123,1
DA:126,2
DA:129,1
DA:131,3
DA:132,2
DA:144,2
DA:149,1
DA:152,1
DA:154,1
DA:155,1
DA:157,3
DA:161,1
DA:162,3
DA:163,3
DA:165,3
DA:171,1
DA:172,1
DA:173,1
DA:174,2
DA:175,2
DA:176,1
DA:177,2
DA:185,1
DA:186,1
DA:187,1
DA:189,1
DA:190,1
DA:192,1
DA:193,1
DA:195,3
DA:196,2
DA:199,1
DA:200,2
DA:201,3
DA:203,2
DA:209,1
DA:210,1
DA:212,1
DA:213,2
DA:214,2
DA:215,1
DA:218,1
DA:219,6
DA:220,1
DA:221,1
DA:222,1
DA:223,2
DA:224,1
DA:225,2
DA:226,1
DA:227,1
DA:228,1
DA:229,2
DA:236,1
DA:237,2
DA:238,1
DA:243,1
DA:253,4
DA:262,1
DA:264,1
DA:265,1
DA:266,1
DA:267,3
DA:268,3
DA:269,3
DA:274,1
DA:279,1
LF:116
LH:116
end_of_record
SF:lib/widgets/artifact_widgets/artifact_content_renderer.dart
DA:9,1
DA:16,1
DA:17,1
DA:18,1
DA:21,2
DA:22,2
DA:23,1
DA:24,1
DA:31,1
DA:32,3
DA:33,1
DA:35,1
DA:40,2
DA:41,2
DA:42,1
DA:43,2
DA:44,1
DA:45,1
DA:49,2
DA:53,2
DA:56,1
DA:63,1
DA:65,1
DA:66,1
DA:67,1
DA:69,1
DA:70,1
DA:72,1
DA:75,1
DA:76,1
DA:77,2
DA:78,3
DA:83,1
DA:85,3
DA:86,2
DA:90,2
DA:91,1
DA:93,2
DA:94,1
DA:95,7
DA:97,1
DA:98,1
DA:99,5
DA:100,3
DA:102,2
DA:106,1
DA:107,1
DA:109,3
DA:110,1
DA:111,1
DA:123,1
DA:130,1
DA:132,1
DA:133,1
DA:134,3
DA:135,1
DA:136,1
DA:137,3
DA:138,4
DA:141,1
DA:143,1
DA:145,1
DA:146,1
DA:148,1
DA:149,1
DA:150,1
DA:151,1
DA:152,3
DA:158,1
DA:159,3
DA:160,3
DA:161,2
DA:167,1
DA:174,1
DA:176,4
DA:177,2
DA:184,1
DA:185,3
DA:186,1
DA:187,1
DA:188,1
DA:190,1
DA:192,1
DA:194,1
DA:195,1
DA:196,1
DA:197,1
DA:198,3
DA:204,1
DA:205,1
DA:206,1
DA:208,1
DA:210,1
DA:211,1
DA:212,2
DA:214,4
DA:215,2
DA:218,1
DA:221,1
DA:222,2
DA:223,3
DA:228,1
DA:230,1
DA:232,1
DA:233,1
DA:234,2
DA:236,4
DA:237,2
DA:246,1
DA:248,2
DA:250,1
DA:251,1
DA:252,1
DA:253,3
DA:261,1
DA:262,1
DA:264,4
DA:265,2
DA:269,1
DA:271,2
DA:272,1
DA:274,2
DA:275,1
DA:277,1
DA:279,1
DA:280,1
DA:281,1
DA:282,3
DA:287,1
DA:289,1
DA:290,2
DA:291,1
DA:293,1
DA:295,1
DA:296,1
DA:299,1
DA:300,1
DA:302,4
DA:303,3
DA:311,1
DA:313,1
DA:315,1
DA:316,1
DA:317,1
DA:318,1
DA:319,3
DA:325,1
DA:326,1
DA:327,1
DA:328,2
DA:329,1
DA:331,1
DA:333,1
DA:336,1
DA:338,1
DA:340,4
DA:341,2
DA:352,1
DA:354,3
DA:364,1
DA:365,2
DA:366,1
DA:367,1
DA:369,3
DA:371,2
DA:372,2
DA:373,1
DA:375,1
DA:378,1
DA:380,2
DA:381,2
DA:382,1
DA:386,1
DA:390,1
DA:391,1
DA:392,1
DA:396,1
DA:398,3
DA:402,1
DA:403,1
DA:405,1
DA:406,2
DA:407,2
DA:408,2
DA:409,4
DA:410,1
DA:411,3
DA:412,1
DA:414,1
DA:416,1
DA:417,1
DA:418,1
DA:419,1
DA:421,3
DA:424,1
DA:425,1
DA:427,1
DA:428,1
DA:429,1
DA:430,2
DA:431,1
DA:437,1
DA:438,2
DA:439,1
DA:441,1
DA:443,3
DA:445,2
DA:451,1
DA:452,1
DA:453,1
DA:454,3
DA:464,1
DA:465,5
DA:466,3
DA:467,2
DA:473,3
DA:474,1
DA:475,1
DA:483,1
DA:484,1
DA:487,1
DA:501,1
LF:222
LH:222
end_of_record
SF:lib/widgets/create_list_dialog.dart
DA:7,3
DA:12,2
DA:13,2
DA:20,2
DA:22,2
DA:23,8
DA:26,2
DA:28,4
DA:29,2
DA:32,2
DA:34,2
DA:35,4
DA:36,2
DA:37,4
DA:38,2
DA:40,2
DA:41,2
DA:42,4
DA:44,2
DA:45,2
DA:48,2
DA:49,2
DA:50,2
DA:51,4
DA:53,2
DA:54,2
DA:55,2
DA:61,4
DA:67,2
DA:68,6
DA:69,2
DA:73,4
DA:75,2
DA:79,6
DA:81,2
DA:82,2
DA:83,4
DA:85,0
DA:86,0
DA:87,0
DA:88,0
DA:89,0
LF:42
LH:37
end_of_record
SF:lib/widgets/edit_item_dialog.dart
DA:13,1
DA:18,1
DA:19,1
DA:30,1
DA:32,1
DA:33,5
DA:34,6
DA:35,2
DA:36,4
DA:38,4
DA:39,4
DA:42,1
DA:44,2
DA:45,2
DA:46,2
DA:47,1
DA:50,1
DA:52,1
DA:53,1
DA:54,2
DA:55,1
DA:56,1
DA:57,1
DA:58,1
DA:60,1
DA:61,1
DA:62,3
DA:63,1
DA:64,2
DA:67,2
DA:68,2
DA:69,2
DA:77,1
DA:92,1
DA:95,2
DA:97,3
DA:102,1
DA:103,1
DA:104,1
DA:105,1
DA:106,1
DA:107,2
DA:109,2
DA:113,1
DA:114,1
DA:115,1
DA:116,2
DA:117,2
DA:118,3
DA:119,1
DA:120,4
DA:126,1
DA:127,1
DA:128,2
DA:129,6
DA:130,4
DA:131,1
DA:132,0
DA:135,1
DA:136,1
DA:137,2
DA:144,1
DA:145,5
DA:146,1
DA:147,1
DA:148,3
DA:149,3
DA:150,2
DA:151,3
DA:152,1
DA:153,1
DA:154,3
DA:155,1
DA:157,1
DA:158,5
DA:159,1
DA:160,1
DA:161,1
DA:165,2
LF:79
LH:78
end_of_record
SF:lib/widgets/init_error_screen.dart
DA:5,2
DA:9,1
DA:11,1
DA:14,1
DA:15,1
DA:16,4
DA:17,1
DA:18,1
DA:19,1
LF:9
LH:9
end_of_record
SF:lib/main.dart
DA:169,12
DA:171,4
DA:173,8
DA:174,8
DA:175,8
DA:176,8
DA:177,4
DA:178,4
DA:180,4
DA:181,4
DA:183,0
DA:189,4
DA:195,8
DA:200,0
DA:208,0
DA:213,0
DA:214,0
DA:215,0
DA:216,0
DA:218,0
DA:219,0
DA:223,0
DA:230,4
DA:235,4
DA:236,4
DA:237,4
DA:238,4
DA:240,4
DA:241,4
DA:245,4
DA:252,4
DA:257,4
DA:258,4
DA:259,4
DA:260,4
DA:262,4
DA:263,4
DA:267,4
DA:274,4
DA:280,0
DA:283,4
DA:284,4
DA:288,4
DA:289,4
DA:290,4
DA:291,0
DA:292,0
DA:293,0
DA:294,0
DA:296,0
DA:304,8
DA:306,4
DA:307,4
DA:314,4
DA:316,4
DA:317,12
DA:321,8
DA:322,0
DA:325,0
DA:326,0
DA:329,12
DA:330,4
DA:331,16
DA:336,4
DA:338,4
DA:339,4
DA:340,4
DA:347,4
DA:348,4
DA:349,8
DA:373,10
DA:375,5
DA:377,10
DA:379,5
DA:380,5
DA:384,5
DA:386,5
DA:387,1
DA:388,3
DA:389,4
DA:396,9
DA:398,2
DA:400,2
DA:401,2
DA:402,2
DA:404,2
DA:407,2
DA:414,2
DA:415,2
DA:416,2
DA:418,4
DA:419,2
DA:420,8
DA:421,4
LF:94
LH:75
end_of_record
SF:lib/theme/app_theme.dart
LF:0
LH:0
end_of_record
SF:lib/screens/pantry_screen.dart
DA:18,9
DA:20,5
DA:22,5
DA:23,5
DA:24,10
DA:25,10
DA:27,5
DA:28,5
DA:29,10
DA:30,5
DA:31,15
DA:32,1
DA:34,1
DA:35,2
DA:39,5
DA:40,5
DA:41,5
DA:42,5
DA:43,1
DA:44,2
DA:45,3
DA:47,5
DA:49,5
DA:50,20
DA:51,5
DA:53,5
DA:54,5
DA:61,6
DA:63,1
DA:64,1
DA:65,2
DA:66,3
DA:68,1
DA:69,1
DA:70,1
DA:71,1
DA:75,1
DA:77,0
DA:78,3
DA:79,1
DA:81,1
DA:82,1
DA:83,3
DA:85,1
DA:86,1
DA:87,3
DA:93,2
DA:98,1
DA:99,1
DA:100,1
DA:102,1
DA:103,5
DA:105,2
DA:106,1
DA:110,2
DA:119,5
DA:120,0
DA:122,5
DA:124,2
DA:126,1
DA:129,10
DA:132,5
DA:141,1
DA:142,1
DA:143,2
DA:144,1
DA:145,1
DA:146,2
DA:147,3
DA:153,1
DA:154,2
DA:155,1
DA:157,1
DA:159,1
DA:160,2
DA:161,2
DA:162,1
DA:164,1
DA:165,1
DA:166,2
DA:167,2
DA:170,1
DA:173,1
DA:174,1
DA:180,1
DA:181,1
DA:182,0
DA:183,2
DA:185,1
DA:188,1
DA:189,2
DA:190,1
DA:193,2
DA:195,4
DA:196,4
DA:197,2
DA:198,1
DA:199,1
DA:200,1
DA:201,1
DA:202,1
DA:203,1
DA:204,1
DA:207,5
DA:208,1
DA:209,2
DA:210,5
DA:213,1
DA:214,1
DA:216,0
DA:217,0
DA:218,0
DA:219,0
DA:220,0
DA:231,2
DA:238,1
DA:243,1
DA:247,1
DA:249,1
DA:250,1
DA:251,2
DA:252,3
DA:253,5
DA:255,2
DA:256,2
DA:257,1
DA:258,3
DA:262,1
DA:264,1
DA:270,1
DA:272,1
DA:273,1
DA:275,1
DA:277,1
DA:278,1
DA:279,1
DA:280,1
DA:283,1
DA:284,7
DA:285,1
DA:287,1
DA:288,4
DA:290,6
DA:294,1
DA:295,1
DA:297,1
DA:298,1
DA:299,2
DA:300,3
DA:304,2
DA:305,1
DA:306,1
DA:307,3
DA:308,2
DA:315,1
DA:317,2
DA:318,3
DA:319,5
DA:320,3
DA:321,3
DA:323,1
DA:324,1
DA:325,1
DA:326,1
DA:327,1
DA:329,2
DA:330,2
DA:331,4
DA:332,1
DA:333,1
DA:334,2
DA:335,2
DA:337,1
DA:338,2
DA:339,2
DA:344,1
DA:345,6
DA:347,1
DA:348,8
DA:349,1
DA:350,2
DA:351,10
DA:360,2
DA:361,1
DA:363,1
DA:364,1
DA:365,1
DA:366,1
DA:367,1
DA:370,2
DA:374,0
DA:375,2
DA:376,1
DA:381,1
DA:382,1
DA:383,1
DA:384,8
DA:385,3
DA:387,1
DA:391,3
DA:392,1
DA:393,3
DA:394,3
DA:402,1
DA:404,1
DA:405,1
DA:407,3
DA:409,0
DA:411,1
DA:413,1
DA:414,3
DA:415,3
DA:417,1
DA:421,1
DA:423,0
DA:426,1
DA:427,3
DA:429,7
DA:430,3
DA:431,1
DA:432,1
DA:433,3
DA:435,1
DA:452,1
DA:453,1
DA:455,3
DA:461,1
DA:464,1
DA:465,1
DA:472,1
DA:474,1
DA:475,6
DA:476,6
DA:479,1
DA:481,2
DA:482,2
DA:483,1
DA:486,1
DA:488,1
DA:489,1
DA:490,1
DA:491,1
DA:492,5
DA:493,1
DA:495,1
DA:496,1
DA:497,1
DA:498,1
DA:499,1
DA:505,1
DA:506,1
DA:507,1
DA:508,1
DA:515,1
DA:516,1
DA:517,0
DA:518,2
DA:520,1
DA:521,1
DA:522,3
DA:523,3
DA:525,4
DA:526,3
DA:527,1
DA:528,1
DA:529,1
DA:532,1
DA:533,1
DA:537,2
DA:547,1
DA:552,1
DA:554,1
DA:555,1
DA:556,1
DA:557,3
DA:558,0
DA:559,1
DA:560,1
DA:561,1
DA:562,1
DA:563,1
DA:565,1
DA:566,1
DA:568,1
DA:569,2
DA:570,0
LF:286
LH:272
end_of_record
SF:lib/screens/ai_home_screen.dart
DA:19,8
DA:21,4
DA:22,4
DA:29,4
DA:31,12
DA:33,4
DA:34,4
DA:36,1
DA:38,3
DA:40,4
DA:43,0
DA:44,0
DA:49,1
DA:50,1
DA:51,1
DA:52,1
DA:53,1
DA:55,1
DA:58,1
DA:65,1
DA:66,0
DA:67,0
DA:68,0
DA:69,0
DA:70,0
DA:71,0
DA:72,0
DA:87,3
DA:88,9
DA:89,3
DA:90,12
DA:91,3
DA:92,3
DA:94,9
DA:95,6
DA:97,3
DA:98,3
DA:99,3
DA:100,3
DA:101,3
DA:103,0
DA:104,0
DA:105,0
DA:106,0
DA:111,3
DA:112,6
DA:113,10
DA:114,3
DA:116,3
DA:118,0
DA:119,0
DA:125,3
DA:126,3
DA:127,3
DA:128,2
DA:133,0
DA:135,3
DA:137,3
DA:138,3
DA:140,3
DA:143,2
DA:144,4
DA:145,2
DA:147,4
DA:148,2
DA:149,4
DA:150,2
DA:160,3
DA:161,2
DA:162,2
DA:163,0
DA:164,2
DA:165,2
DA:166,2
DA:167,2
DA:171,6
DA:174,3
DA:178,3
DA:181,3
DA:183,5
DA:189,3
DA:190,2
DA:191,0
DA:192,0
DA:193,0
DA:196,0
DA:197,0
DA:201,0
DA:202,0
DA:203,0
DA:204,0
DA:209,0
DA:210,0
DA:211,0
DA:215,0
DA:216,0
DA:217,0
DA:220,0
DA:221,0
DA:243,3
DA:257,3
DA:259,3
DA:260,13
DA:261,6
DA:262,5
DA:264,3
DA:267,3
DA:268,6
DA:269,3
DA:271,3
DA:272,3
DA:273,3
DA:274,3
DA:275,3
DA:278,3
DA:279,6
DA:280,6
DA:281,3
DA:283,3
DA:284,9
DA:286,3
DA:288,3
DA:289,3
DA:290,3
DA:296,3
DA:297,3
DA:299,3
DA:301,3
DA:302,3
DA:303,3
DA:304,3
DA:306,3
DA:307,6
DA:308,3
DA:310,3
DA:313,6
DA:317,3
DA:319,9
DA:324,3
DA:326,3
DA:327,6
DA:328,3
DA:330,3
DA:331,3
DA:332,9
DA:334,6
DA:339,3
DA:340,3
DA:342,3
DA:345,6
DA:350,3
DA:351,2
DA:353,2
DA:355,2
DA:356,2
DA:357,2
DA:358,2
DA:359,2
DA:361,2
DA:362,2
DA:364,6
DA:366,4
DA:369,2
DA:370,2
DA:371,6
DA:372,4
DA:380,1
DA:381,2
DA:385,2
DA:386,3
DA:387,2
DA:389,4
DA:395,3
DA:396,4
DA:397,3
DA:399,1
DA:400,1
DA:402,3
DA:403,2
DA:408,2
DA:409,1
DA:410,1
DA:415,2
DA:416,1
DA:417,2
DA:418,1
DA:419,1
DA:426,2
DA:428,2
DA:431,4
DA:432,2
DA:433,4
DA:434,2
DA:435,2
DA:442,3
DA:443,1
DA:445,1
DA:446,0
DA:449,1
DA:451,1
DA:452,1
DA:456,4
LF:202
LH:167
end_of_record
SF:lib/providers/update_service_provider.dart
DA:4,16
DA:5,4
LF:2
LH:2
end_of_record
SF:lib/providers/pantry_suggestions_provider.g.dart
DA:9,1
DA:13,2
DA:14,1
LF:3
LH:3
end_of_record
SF:lib/providers/pantry_suggestions_provider.dart
DA:8,1
DA:11,3
DA:13,5
DA:14,3
DA:16,1
DA:17,1
DA:18,1
DA:19,1
DA:20,1
DA:22,1
LF:10
LH:10
end_of_record
SF:lib/services/update_service.dart
LF:0
LH:0
end_of_record
SF:lib/widgets/add_pantry_item_dialog.dart
DA:13,9
DA:15,2
DA:16,2
DA:29,2
DA:31,4
DA:32,4
DA:33,4
DA:34,4
DA:35,2
DA:38,2
DA:40,2
DA:41,2
DA:42,4
DA:44,2
DA:45,2
DA:46,2
DA:47,2
DA:49,2
DA:51,0
DA:52,6
DA:53,2
DA:55,2
DA:58,4
DA:62,4
DA:65,2
DA:66,2
DA:67,2
DA:68,2
DA:70,2
DA:71,2
DA:72,2
DA:73,4
DA:76,2
DA:77,2
DA:78,2
DA:81,0
DA:82,0
DA:84,2
DA:85,4
DA:86,8
DA:87,3
DA:91,5
DA:92,4
DA:93,0
DA:97,2
DA:100,2
DA:101,2
DA:105,0
DA:106,3
DA:111,2
DA:112,2
DA:113,2
DA:114,2
DA:115,2
DA:116,2
DA:117,2
DA:121,2
DA:125,2
DA:126,2
DA:127,2
DA:128,2
DA:129,2
DA:138,2
DA:139,2
DA:140,2
DA:141,2
DA:142,2
DA:143,2
DA:144,2
DA:147,4
DA:148,6
DA:149,2
DA:150,0
DA:154,2
DA:155,2
DA:156,2
DA:157,2
DA:158,2
DA:161,14
DA:162,8
DA:163,2
DA:164,0
DA:170,2
DA:171,2
DA:172,2
DA:173,2
DA:179,2
DA:180,4
DA:181,2
DA:182,2
DA:183,2
DA:184,1
DA:185,4
DA:187,2
DA:188,4
DA:195,2
DA:196,2
DA:197,0
DA:198,4
DA:200,2
DA:201,1
DA:202,3
DA:204,1
DA:206,5
DA:207,2
DA:208,3
DA:209,3
DA:210,1
DA:211,1
DA:212,3
DA:213,1
DA:215,1
DA:216,1
DA:218,0
DA:219,0
DA:220,0
DA:221,0
DA:227,4
LF:118
LH:106
end_of_record
SF:lib/screens/auth_screen.dart
LF:0
LH:0
end_of_record
